<?xml version="1.0" encoding="UTF-8"?>
<testsuite xmlns:xsi="http://www.w3.org/2001/XMLSchema-instance" xsi:noNamespaceSchemaLocation="https://maven.apache.org/surefire/maven-surefire-plugin/xsd/surefire-test-report.xsd" name="com.excel.test.ExcelPoiApplicationTests" time="2.491" tests="1" errors="1" skipped="0" failures="0">
  <properties>
[...]
</properties>
  <testcase name="contextLoads" classname="com.excel.test.ExcelPoiApplicationTests" time="0.005">
    <error message="Failed to load ApplicationContext" type="java.lang.IllegalStateException"><![CDATA[java.lang.IllegalStateException: Failed to load ApplicationContext
Caused by: org.springframework.beans.factory.UnsatisfiedDependencyException: Error creating bean with name 'redisUtil': Unsatisfied dependency expressed through field 'redisTemplate'; nested exception is org.springframework.beans.factory.NoSuchBeanDefinitionException: No qualifying bean of type 'org.springframework.data.redis.core.RedisTemplate<java.lang.String, java.lang.Object>' available: expected at least 1 bean which qualifies as autowire candidate. Dependency annotations: {@org.springframework.beans.factory.annotation.Autowired(required=true)}
Caused by: org.springframework.beans.factory.NoSuchBeanDefinitionException: No qualifying bean of type 'org.springframework.data.redis.core.RedisTemplate<java.lang.String, java.lang.Object>' available: expected at least 1 bean which qualifies as autowire candidate. Dependency annotations: {@org.springframework.beans.factory.annotation.Autowired(required=true)}
]]></error>
    <system-out><![CDATA[14:35:04.099 [main] DEBUG org.springframework.test.context.junit4.SpringJUnit4ClassRunner - SpringJUnit4ClassRunner constructor called with [class com.excel.test.ExcelPoiApplicationTests]
14:35:04.104 [main] DEBUG org.springframework.test.context.BootstrapUtils - Instantiating CacheAwareContextLoaderDelegate from class [org.springframework.test.context.cache.DefaultCacheAwareContextLoaderDelegate]
14:35:04.111 [main] DEBUG org.springframework.test.context.BootstrapUtils - Instantiating BootstrapContext using constructor [public org.springframework.test.context.support.DefaultBootstrapContext(java.lang.Class,org.springframework.test.context.CacheAwareContextLoaderDelegate)]
14:35:04.125 [main] DEBUG org.springframework.test.context.BootstrapUtils - Instantiating TestContextBootstrapper for test class [com.excel.test.ExcelPoiApplicationTests] from class [org.springframework.boot.test.context.SpringBootTestContextBootstrapper]
14:35:04.141 [main] INFO org.springframework.boot.test.context.SpringBootTestContextBootstrapper - Neither @ContextConfiguration nor @ContextHierarchy found for test class [com.excel.test.ExcelPoiApplicationTests], using SpringBootContextLoader
14:35:04.143 [main] DEBUG org.springframework.test.context.support.AbstractContextLoader - Did not detect default resource location for test class [com.excel.test.ExcelPoiApplicationTests]: class path resource [com/excel/test/ExcelPoiApplicationTests-context.xml] does not exist
14:35:04.144 [main] DEBUG org.springframework.test.context.support.AbstractContextLoader - Did not detect default resource location for test class [com.excel.test.ExcelPoiApplicationTests]: class path resource [com/excel/test/ExcelPoiApplicationTestsContext.groovy] does not exist
14:35:04.144 [main] INFO org.springframework.test.context.support.AbstractContextLoader - Could not detect default resource locations for test class [com.excel.test.ExcelPoiApplicationTests]: no resource found for suffixes {-context.xml, Context.groovy}.
14:35:04.144 [main] INFO org.springframework.test.context.support.AnnotationConfigContextLoaderUtils - Could not detect default configuration classes for test class [com.excel.test.ExcelPoiApplicationTests]: ExcelPoiApplicationTests does not declare any static, non-private, non-final, nested classes annotated with @Configuration.
14:35:04.177 [main] DEBUG org.springframework.test.context.support.ActiveProfilesUtils - Could not find an 'annotation declaring class' for annotation type [org.springframework.test.context.ActiveProfiles] and class [com.excel.test.ExcelPoiApplicationTests]
14:35:04.183 [main] DEBUG org.springframework.core.env.StandardEnvironment - Adding PropertySource 'systemProperties' with lowest search precedence
14:35:04.183 [main] DEBUG org.springframework.core.env.StandardEnvironment - Adding PropertySource 'systemEnvironment' with lowest search precedence
14:35:04.183 [main] DEBUG org.springframework.core.env.StandardEnvironment - Initialized StandardEnvironment with PropertySources [MapPropertySource@1489092624 {name='systemProperties', properties={java.runtime.name=Java(TM) SE Runtime Environment, sun.boot.library.path=C:\Program Files\Java\jdk1.8.0_144\jre\bin, java.vm.version=25.144-b01, java.vm.vendor=Oracle Corporation, java.vendor.url=http://java.oracle.com/, path.separator=;, java.vm.name=Java HotSpot(TM) 64-Bit Server VM, file.encoding.pkg=sun.io, user.country=CN, user.script=, sun.java.launcher=SUN_STANDARD, sun.os.patch.level=, java.vm.specification.name=Java Virtual Machine Specification, user.dir=F:\workspace\git\ExcelPoi, java.runtime.version=1.8.0_144-b01, basedir=F:\workspace\git\ExcelPoi, java.awt.graphicsenv=sun.awt.Win32GraphicsEnvironment, java.endorsed.dirs=C:\Program Files\Java\jdk1.8.0_144\jre\lib\endorsed, os.arch=amd64, surefire.real.class.path=C:\Users\aoomiao\AppData\Local\Temp\surefire2524997583276524019\surefirebooter2339722128794522844.jar, java.io.tmpdir=C:\Users\aoomiao\AppData\Local\Temp\, line.separator=
, java.vm.specification.vendor=Oracle Corporation, user.variant=, os.name=Windows 10, sun.jnu.encoding=GBK, java.library.path=C:\Program Files\Java\jdk1.8.0_144\jre\bin;C:\Windows\Sun\Java\bin;C:\Windows\system32;C:\Windows;C:/Program Files/Java/jdk1.8.0_144/bin/../jre/bin/server;C:/Program Files/Java/jdk1.8.0_144/bin/../jre/bin;C:/Program Files/Java/jdk1.8.0_144/bin/../jre/lib/amd64;D:\oracle\product\11.2.0\dbhome_1\bin;C:\Windows\system32;C:\Windows;C:\Windows\System32\Wbem;C:\Windows\System32\WindowsPowerShell\v1.0\;C:\Program Files\Java\jdk1.8.0_144\bin;C:\Program Files\Java\jdk1.8.0_144\jre\bin;D:\Program Files\apache-maven-3.5.0\bin;C:\Program Files\MySQL\MySQL Utilities 1.6\;D:\Program Files\apache-tomcat-8.0.48\bin;D:\Program Files\PuTTY\;D:\Program Files (x86)\OpenSSH\bin;C:\Program Files\TortoiseSVN\bin;D:\Program Files\Git\cmd;C:\Program Files (x86)\HP\IdrsOCR_15.2.10.1114\;C:\Users\aoomiao\AppData\Local\Microsoft\WindowsApps;C:\Program Files\Java\jdk1.8.0_144\bin;;E:\sts-3.9.5.RELEASE;;., surefire.test.class.path=F:\workspace\git\ExcelPoi\target\test-classes;F:\workspace\git\ExcelPoi\target\classes;D:\Program Files\apache-maven-3.5.0\repository\org\springframework\boot\spring-boot-starter-cache\2.0.4.RELEASE\spring-boot-starter-cache-2.0.4.RELEASE.jar;D:\Program Files\apache-maven-3.5.0\repository\org\springframework\boot\spring-boot-starter\2.0.4.RELEASE\spring-boot-starter-2.0.4.RELEASE.jar;D:\Program Files\apache-maven-3.5.0\repository\org\springframework\boot\spring-boot-starter-logging\2.0.4.RELEASE\spring-boot-starter-logging-2.0.4.RELEASE.jar;D:\Program Files\apache-maven-3.5.0\repository\ch\qos\logback\logback-classic\1.2.3\logback-classic-1.2.3.jar;D:\Program Files\apache-maven-3.5.0\repository\ch\qos\logback\logback-core\1.2.3\logback-core-1.2.3.jar;D:\Program Files\apache-maven-3.5.0\repository\org\apache\logging\log4j\log4j-to-slf4j\2.10.0\log4j-to-slf4j-2.10.0.jar;D:\Program Files\apache-maven-3.5.0\repository\org\apache\logging\log4j\log4j-api\2.10.0\log4j-api-2.10.0.jar;D:\Program Files\apache-maven-3.5.0\repository\org\slf4j\jul-to-slf4j\1.7.25\jul-to-slf4j-1.7.25.jar;D:\Program Files\apache-maven-3.5.0\repository\javax\annotation\javax.annotation-api\1.3.2\javax.annotation-api-1.3.2.jar;D:\Program Files\apache-maven-3.5.0\repository\org\yaml\snakeyaml\1.19\snakeyaml-1.19.jar;D:\Program Files\apache-maven-3.5.0\repository\org\springframework\spring-context\5.0.8.RELEASE\spring-context-5.0.8.RELEASE.jar;D:\Program Files\apache-maven-3.5.0\repository\org\springframework\spring-aop\5.0.8.RELEASE\spring-aop-5.0.8.RELEASE.jar;D:\Program Files\apache-maven-3.5.0\repository\org\springframework\spring-beans\5.0.8.RELEASE\spring-beans-5.0.8.RELEASE.jar;D:\Program Files\apache-maven-3.5.0\repository\org\springframework\spring-expression\5.0.8.RELEASE\spring-expression-5.0.8.RELEASE.jar;D:\Program Files\apache-maven-3.5.0\repository\org\springframework\spring-context-support\5.0.8.RELEASE\spring-context-support-5.0.8.RELEASE.jar;D:\Program Files\apache-maven-3.5.0\repository\org\springframework\boot\spring-boot-starter-data-jpa\2.0.4.RELEASE\spring-boot-starter-data-jpa-2.0.4.RELEASE.jar;D:\Program Files\apache-maven-3.5.0\repository\org\springframework\boot\spring-boot-starter-aop\2.0.4.RELEASE\spring-boot-starter-aop-2.0.4.RELEASE.jar;D:\Program Files\apache-maven-3.5.0\repository\org\aspectj\aspectjweaver\1.8.13\aspectjweaver-1.8.13.jar;D:\Program Files\apache-maven-3.5.0\repository\org\springframework\boot\spring-boot-starter-jdbc\2.0.4.RELEASE\spring-boot-starter-jdbc-2.0.4.RELEASE.jar;D:\Program Files\apache-maven-3.5.0\repository\com\zaxxer\HikariCP\2.7.9\HikariCP-2.7.9.jar;D:\Program Files\apache-maven-3.5.0\repository\org\springframework\spring-jdbc\5.0.8.RELEASE\spring-jdbc-5.0.8.RELEASE.jar;D:\Program Files\apache-maven-3.5.0\repository\org\hibernate\hibernate-core\5.2.17.Final\hibernate-core-5.2.17.Final.jar;D:\Program Files\apache-maven-3.5.0\repository\org\jboss\logging\jboss-logging\3.3.2.Final\jboss-logging-3.3.2.Final.jar;D:\Program Files\apache-maven-3.5.0\repository\org\hibernate\javax\persistence\hibernate-jpa-2.1-api\1.0.2.Final\hibernate-jpa-2.1-api-1.0.2.Final.jar;D:\Program Files\apache-maven-3.5.0\repository\org\javassist\javassist\3.22.0-GA\javassist-3.22.0-GA.jar;D:\Program Files\apache-maven-3.5.0\repository\antlr\antlr\2.7.7\antlr-2.7.7.jar;D:\Program Files\apache-maven-3.5.0\repository\org\jboss\jandex\2.0.3.Final\jandex-2.0.3.Final.jar;D:\Program Files\apache-maven-3.5.0\repository\com\fasterxml\classmate\1.3.4\classmate-1.3.4.jar;D:\Program Files\apache-maven-3.5.0\repository\org\hibernate\common\hibernate-commons-annotations\5.0.1.Final\hibernate-commons-annotations-5.0.1.Final.jar;D:\Program Files\apache-maven-3.5.0\repository\javax\transaction\javax.transaction-api\1.2\javax.transaction-api-1.2.jar;D:\Program Files\apache-maven-3.5.0\repository\org\springframework\data\spring-data-jpa\2.0.9.RELEASE\spring-data-jpa-2.0.9.RELEASE.jar;D:\Program Files\apache-maven-3.5.0\repository\org\springframework\data\spring-data-commons\2.0.9.RELEASE\spring-data-commons-2.0.9.RELEASE.jar;D:\Program Files\apache-maven-3.5.0\repository\org\springframework\spring-orm\5.0.8.RELEASE\spring-orm-5.0.8.RELEASE.jar;D:\Program Files\apache-maven-3.5.0\repository\org\springframework\spring-tx\5.0.8.RELEASE\spring-tx-5.0.8.RELEASE.jar;D:\Program Files\apache-maven-3.5.0\repository\org\slf4j\slf4j-api\1.7.25\slf4j-api-1.7.25.jar;D:\Program Files\apache-maven-3.5.0\repository\org\springframework\spring-aspects\5.0.8.RELEASE\spring-aspects-5.0.8.RELEASE.jar;D:\Program Files\apache-maven-3.5.0\repository\org\springframework\boot\spring-boot-starter-data-redis\2.0.4.RELEASE\spring-boot-starter-data-redis-2.0.4.RELEASE.jar;D:\Program Files\apache-maven-3.5.0\repository\org\springframework\data\spring-data-redis\2.0.9.RELEASE\spring-data-redis-2.0.9.RELEASE.jar;D:\Program Files\apache-maven-3.5.0\repository\org\springframework\data\spring-data-keyvalue\2.0.9.RELEASE\spring-data-keyvalue-2.0.9.RELEASE.jar;D:\Program Files\apache-maven-3.5.0\repository\org\springframework\spring-oxm\5.0.8.RELEASE\spring-oxm-5.0.8.RELEASE.jar;D:\Program Files\apache-maven-3.5.0\repository\io\lettuce\lettuce-core\5.0.4.RELEASE\lettuce-core-5.0.4.RELEASE.jar;D:\Program Files\apache-maven-3.5.0\repository\io\projectreactor\reactor-core\3.1.8.RELEASE\reactor-core-3.1.8.RELEASE.jar;D:\Program Files\apache-maven-3.5.0\repository\org\reactivestreams\reactive-streams\1.0.2\reactive-streams-1.0.2.jar;D:\Program Files\apache-maven-3.5.0\repository\io\netty\netty-common\4.1.27.Final\netty-common-4.1.27.Final.jar;D:\Program Files\apache-maven-3.5.0\repository\io\netty\netty-transport\4.1.27.Final\netty-transport-4.1.27.Final.jar;D:\Program Files\apache-maven-3.5.0\repository\io\netty\netty-buffer\4.1.27.Final\netty-buffer-4.1.27.Final.jar;D:\Program Files\apache-maven-3.5.0\repository\io\netty\netty-resolver\4.1.27.Final\netty-resolver-4.1.27.Final.jar;D:\Program Files\apache-maven-3.5.0\repository\io\netty\netty-handler\4.1.27.Final\netty-handler-4.1.27.Final.jar;D:\Program Files\apache-maven-3.5.0\repository\io\netty\netty-codec\4.1.27.Final\netty-codec-4.1.27.Final.jar;D:\Program Files\apache-maven-3.5.0\repository\org\springframework\boot\spring-boot-starter-web\2.0.4.RELEASE\spring-boot-starter-web-2.0.4.RELEASE.jar;D:\Program Files\apache-maven-3.5.0\repository\org\springframework\boot\spring-boot-starter-json\2.0.4.RELEASE\spring-boot-starter-json-2.0.4.RELEASE.jar;D:\Program Files\apache-maven-3.5.0\repository\com\fasterxml\jackson\core\jackson-databind\2.9.6\jackson-databind-2.9.6.jar;D:\Program Files\apache-maven-3.5.0\repository\com\fasterxml\jackson\core\jackson-annotations\2.9.0\jackson-annotations-2.9.0.jar;D:\Program Files\apache-maven-3.5.0\repository\com\fasterxml\jackson\core\jackson-core\2.9.6\jackson-core-2.9.6.jar;D:\Program Files\apache-maven-3.5.0\repository\com\fasterxml\jackson\datatype\jackson-datatype-jdk8\2.9.6\jackson-datatype-jdk8-2.9.6.jar;D:\Program Files\apache-maven-3.5.0\repository\com\fasterxml\jackson\datatype\jackson-datatype-jsr310\2.9.6\jackson-datatype-jsr310-2.9.6.jar;D:\Program Files\apache-maven-3.5.0\repository\com\fasterxml\jackson\module\jackson-module-parameter-names\2.9.6\jackson-module-parameter-names-2.9.6.jar;D:\Program Files\apache-maven-3.5.0\repository\org\springframework\boot\spring-boot-starter-tomcat\2.0.4.RELEASE\spring-boot-starter-tomcat-2.0.4.RELEASE.jar;D:\Program Files\apache-maven-3.5.0\repository\org\apache\tomcat\embed\tomcat-embed-websocket\8.5.32\tomcat-embed-websocket-8.5.32.jar;D:\Program Files\apache-maven-3.5.0\repository\org\hibernate\validator\hibernate-validator\6.0.11.Final\hibernate-validator-6.0.11.Final.jar;D:\Program Files\apache-maven-3.5.0\repository\javax\validation\validation-api\2.0.1.Final\validation-api-2.0.1.Final.jar;D:\Program Files\apache-maven-3.5.0\repository\org\springframework\spring-web\5.0.8.RELEASE\spring-web-5.0.8.RELEASE.jar;D:\Program Files\apache-maven-3.5.0\repository\org\springframework\spring-webmvc\5.0.8.RELEASE\spring-webmvc-5.0.8.RELEASE.jar;D:\Program Files\apache-maven-3.5.0\repository\org\springframework\boot\spring-boot-devtools\2.0.4.RELEASE\spring-boot-devtools-2.0.4.RELEASE.jar;D:\Program Files\apache-maven-3.5.0\repository\org\springframework\boot\spring-boot\2.0.4.RELEASE\spring-boot-2.0.4.RELEASE.jar;D:\Program Files\apache-maven-3.5.0\repository\org\springframework\boot\spring-boot-autoconfigure\2.0.4.RELEASE\spring-boot-autoconfigure-2.0.4.RELEASE.jar;D:\Program Files\apache-maven-3.5.0\repository\mysql\mysql-connector-java\5.1.46\mysql-connector-java-5.1.46.jar;D:\Program Files\apache-maven-3.5.0\repository\org\springframework\boot\spring-boot-starter-test\2.0.4.RELEASE\spring-boot-starter-test-2.0.4.RELEASE.jar;D:\Program Files\apache-maven-3.5.0\repository\org\springframework\boot\spring-boot-test\2.0.4.RELEASE\spring-boot-test-2.0.4.RELEASE.jar;D:\Program Files\apache-maven-3.5.0\repository\org\springframework\boot\spring-boot-test-autoconfigure\2.0.4.RELEASE\spring-boot-test-autoconfigure-2.0.4.RELEASE.jar;D:\Program Files\apache-maven-3.5.0\repository\com\jayway\jsonpath\json-path\2.4.0\json-path-2.4.0.jar;D:\Program Files\apache-maven-3.5.0\repository\net\minidev\json-smart\2.3\json-smart-2.3.jar;D:\Program Files\apache-maven-3.5.0\repository\net\minidev\accessors-smart\1.2\accessors-smart-1.2.jar;D:\Program Files\apache-maven-3.5.0\repository\org\ow2\asm\asm\5.0.4\asm-5.0.4.jar;D:\Program Files\apache-maven-3.5.0\repository\junit\junit\4.12\junit-4.12.jar;D:\Program Files\apache-maven-3.5.0\repository\org\assertj\assertj-core\3.9.1\assertj-core-3.9.1.jar;D:\Program Files\apache-maven-3.5.0\repository\org\mockito\mockito-core\2.15.0\mockito-core-2.15.0.jar;D:\Program Files\apache-maven-3.5.0\repository\net\bytebuddy\byte-buddy\1.7.11\byte-buddy-1.7.11.jar;D:\Program Files\apache-maven-3.5.0\repository\net\bytebuddy\byte-buddy-agent\1.7.11\byte-buddy-agent-1.7.11.jar;D:\Program Files\apache-maven-3.5.0\repository\org\objenesis\objenesis\2.6\objenesis-2.6.jar;D:\Program Files\apache-maven-3.5.0\repository\org\hamcrest\hamcrest-core\1.3\hamcrest-core-1.3.jar;D:\Program Files\apache-maven-3.5.0\repository\org\hamcrest\hamcrest-library\1.3\hamcrest-library-1.3.jar;D:\Program Files\apache-maven-3.5.0\repository\org\skyscreamer\jsonassert\1.5.0\jsonassert-1.5.0.jar;D:\Program Files\apache-maven-3.5.0\repository\com\vaadin\external\google\android-json\0.0.20131108.vaadin1\android-json-0.0.20131108.vaadin1.jar;D:\Program Files\apache-maven-3.5.0\repository\org\springframework\spring-core\5.0.8.RELEASE\spring-core-5.0.8.RELEASE.jar;D:\Program Files\apache-maven-3.5.0\repository\org\springframework\spring-jcl\5.0.8.RELEASE\spring-jcl-5.0.8.RELEASE.jar;D:\Program Files\apache-maven-3.5.0\repository\org\springframework\spring-test\5.0.8.RELEASE\spring-test-5.0.8.RELEASE.jar;D:\Program Files\apache-maven-3.5.0\repository\org\xmlunit\xmlunit-core\2.5.1\xmlunit-core-2.5.1.jar;D:\Program Files\apache-maven-3.5.0\repository\org\apache\poi\poi-ooxml\3.8\poi-ooxml-3.8.jar;D:\Program Files\apache-maven-3.5.0\repository\org\apache\poi\poi-ooxml-schemas\3.8\poi-ooxml-schemas-3.8.jar;D:\Program Files\apache-maven-3.5.0\repository\org\apache\xmlbeans\xmlbeans\2.3.0\xmlbeans-2.3.0.jar;D:\Program Files\apache-maven-3.5.0\repository\stax\stax-api\1.0.1\stax-api-1.0.1.jar;D:\Program Files\apache-maven-3.5.0\repository\dom4j\dom4j\1.6.1\dom4j-1.6.1.jar;D:\Program Files\apache-maven-3.5.0\repository\xml-apis\xml-apis\1.4.01\xml-apis-1.4.01.jar;D:\Program Files\apache-maven-3.5.0\repository\org\apache\poi\poi\3.8\poi-3.8.jar;D:\Program Files\apache-maven-3.5.0\repository\commons-codec\commons-codec\1.11\commons-codec-1.11.jar;D:\Program Files\apache-maven-3.5.0\repository\org\apache\tomcat\embed\tomcat-embed-jasper\8.5.32\tomcat-embed-jasper-8.5.32.jar;D:\Program Files\apache-maven-3.5.0\repository\org\apache\tomcat\embed\tomcat-embed-core\8.5.32\tomcat-embed-core-8.5.32.jar;D:\Program Files\apache-maven-3.5.0\repository\org\apache\tomcat\tomcat-annotations-api\8.5.32\tomcat-annotations-api-8.5.32.jar;D:\Program Files\apache-maven-3.5.0\repository\org\apache\tomcat\embed\tomcat-embed-el\8.5.32\tomcat-embed-el-8.5.32.jar;D:\Program Files\apache-maven-3.5.0\repository\org\eclipse\jdt\ecj\3.12.3\ecj-3.12.3.jar;D:\Program Files\apache-maven-3.5.0\repository\javax\servlet\jstl\1.2\jstl-1.2.jar;, java.specification.name=Java Platform API Specification, java.class.version=52.0, sun.management.compiler=HotSpot 64-Bit Tiered Compilers, os.version=10.0, user.home=C:\Users\aoomiao, user.timezone=Asia/Shanghai, java.awt.printerjob=sun.awt.windows.WPrinterJob, file.encoding=GBK, java.specification.version=1.8, java.class.path=F:\workspace\git\ExcelPoi\target\test-classes;F:\workspace\git\ExcelPoi\target\classes;D:\Program Files\apache-maven-3.5.0\repository\org\springframework\boot\spring-boot-starter-cache\2.0.4.RELEASE\spring-boot-starter-cache-2.0.4.RELEASE.jar;D:\Program Files\apache-maven-3.5.0\repository\org\springframework\boot\spring-boot-starter\2.0.4.RELEASE\spring-boot-starter-2.0.4.RELEASE.jar;D:\Program Files\apache-maven-3.5.0\repository\org\springframework\boot\spring-boot-starter-logging\2.0.4.RELEASE\spring-boot-starter-logging-2.0.4.RELEASE.jar;D:\Program Files\apache-maven-3.5.0\repository\ch\qos\logback\logback-classic\1.2.3\logback-classic-1.2.3.jar;D:\Program Files\apache-maven-3.5.0\repository\ch\qos\logback\logback-core\1.2.3\logback-core-1.2.3.jar;D:\Program Files\apache-maven-3.5.0\repository\org\apache\logging\log4j\log4j-to-slf4j\2.10.0\log4j-to-slf4j-2.10.0.jar;D:\Program Files\apache-maven-3.5.0\repository\org\apache\logging\log4j\log4j-api\2.10.0\log4j-api-2.10.0.jar;D:\Program Files\apache-maven-3.5.0\repository\org\slf4j\jul-to-slf4j\1.7.25\jul-to-slf4j-1.7.25.jar;D:\Program Files\apache-maven-3.5.0\repository\javax\annotation\javax.annotation-api\1.3.2\javax.annotation-api-1.3.2.jar;D:\Program Files\apache-maven-3.5.0\repository\org\yaml\snakeyaml\1.19\snakeyaml-1.19.jar;D:\Program Files\apache-maven-3.5.0\repository\org\springframework\spring-context\5.0.8.RELEASE\spring-context-5.0.8.RELEASE.jar;D:\Program Files\apache-maven-3.5.0\repository\org\springframework\spring-aop\5.0.8.RELEASE\spring-aop-5.0.8.RELEASE.jar;D:\Program Files\apache-maven-3.5.0\repository\org\springframework\spring-beans\5.0.8.RELEASE\spring-beans-5.0.8.RELEASE.jar;D:\Program Files\apache-maven-3.5.0\repository\org\springframework\spring-expression\5.0.8.RELEASE\spring-expression-5.0.8.RELEASE.jar;D:\Program Files\apache-maven-3.5.0\repository\org\springframework\spring-context-support\5.0.8.RELEASE\spring-context-support-5.0.8.RELEASE.jar;D:\Program Files\apache-maven-3.5.0\repository\org\springframework\boot\spring-boot-starter-data-jpa\2.0.4.RELEASE\spring-boot-starter-data-jpa-2.0.4.RELEASE.jar;D:\Program Files\apache-maven-3.5.0\repository\org\springframework\boot\spring-boot-starter-aop\2.0.4.RELEASE\spring-boot-starter-aop-2.0.4.RELEASE.jar;D:\Program Files\apache-maven-3.5.0\repository\org\aspectj\aspectjweaver\1.8.13\aspectjweaver-1.8.13.jar;D:\Program Files\apache-maven-3.5.0\repository\org\springframework\boot\spring-boot-starter-jdbc\2.0.4.RELEASE\spring-boot-starter-jdbc-2.0.4.RELEASE.jar;D:\Program Files\apache-maven-3.5.0\repository\com\zaxxer\HikariCP\2.7.9\HikariCP-2.7.9.jar;D:\Program Files\apache-maven-3.5.0\repository\org\springframework\spring-jdbc\5.0.8.RELEASE\spring-jdbc-5.0.8.RELEASE.jar;D:\Program Files\apache-maven-3.5.0\repository\org\hibernate\hibernate-core\5.2.17.Final\hibernate-core-5.2.17.Final.jar;D:\Program Files\apache-maven-3.5.0\repository\org\jboss\logging\jboss-logging\3.3.2.Final\jboss-logging-3.3.2.Final.jar;D:\Program Files\apache-maven-3.5.0\repository\org\hibernate\javax\persistence\hibernate-jpa-2.1-api\1.0.2.Final\hibernate-jpa-2.1-api-1.0.2.Final.jar;D:\Program Files\apache-maven-3.5.0\repository\org\javassist\javassist\3.22.0-GA\javassist-3.22.0-GA.jar;D:\Program Files\apache-maven-3.5.0\repository\antlr\antlr\2.7.7\antlr-2.7.7.jar;D:\Program Files\apache-maven-3.5.0\repository\org\jboss\jandex\2.0.3.Final\jandex-2.0.3.Final.jar;D:\Program Files\apache-maven-3.5.0\repository\com\fasterxml\classmate\1.3.4\classmate-1.3.4.jar;D:\Program Files\apache-maven-3.5.0\repository\org\hibernate\common\hibernate-commons-annotations\5.0.1.Final\hibernate-commons-annotations-5.0.1.Final.jar;D:\Program Files\apache-maven-3.5.0\repository\javax\transaction\javax.transaction-api\1.2\javax.transaction-api-1.2.jar;D:\Program Files\apache-maven-3.5.0\repository\org\springframework\data\spring-data-jpa\2.0.9.RELEASE\spring-data-jpa-2.0.9.RELEASE.jar;D:\Program Files\apache-maven-3.5.0\repository\org\springframework\data\spring-data-commons\2.0.9.RELEASE\spring-data-commons-2.0.9.RELEASE.jar;D:\Program Files\apache-maven-3.5.0\repository\org\springframework\spring-orm\5.0.8.RELEASE\spring-orm-5.0.8.RELEASE.jar;D:\Program Files\apache-maven-3.5.0\repository\org\springframework\spring-tx\5.0.8.RELEASE\spring-tx-5.0.8.RELEASE.jar;D:\Program Files\apache-maven-3.5.0\repository\org\slf4j\slf4j-api\1.7.25\slf4j-api-1.7.25.jar;D:\Program Files\apache-maven-3.5.0\repository\org\springframework\spring-aspects\5.0.8.RELEASE\spring-aspects-5.0.8.RELEASE.jar;D:\Program Files\apache-maven-3.5.0\repository\org\springframework\boot\spring-boot-starter-data-redis\2.0.4.RELEASE\spring-boot-starter-data-redis-2.0.4.RELEASE.jar;D:\Program Files\apache-maven-3.5.0\repository\org\springframework\data\spring-data-redis\2.0.9.RELEASE\spring-data-redis-2.0.9.RELEASE.jar;D:\Program Files\apache-maven-3.5.0\repository\org\springframework\data\spring-data-keyvalue\2.0.9.RELEASE\spring-data-keyvalue-2.0.9.RELEASE.jar;D:\Program Files\apache-maven-3.5.0\repository\org\springframework\spring-oxm\5.0.8.RELEASE\spring-oxm-5.0.8.RELEASE.jar;D:\Program Files\apache-maven-3.5.0\repository\io\lettuce\lettuce-core\5.0.4.RELEASE\lettuce-core-5.0.4.RELEASE.jar;D:\Program Files\apache-maven-3.5.0\repository\io\projectreactor\reactor-core\3.1.8.RELEASE\reactor-core-3.1.8.RELEASE.jar;D:\Program Files\apache-maven-3.5.0\repository\org\reactivestreams\reactive-streams\1.0.2\reactive-streams-1.0.2.jar;D:\Program Files\apache-maven-3.5.0\repository\io\netty\netty-common\4.1.27.Final\netty-common-4.1.27.Final.jar;D:\Program Files\apache-maven-3.5.0\repository\io\netty\netty-transport\4.1.27.Final\netty-transport-4.1.27.Final.jar;D:\Program Files\apache-maven-3.5.0\repository\io\netty\netty-buffer\4.1.27.Final\netty-buffer-4.1.27.Final.jar;D:\Program Files\apache-maven-3.5.0\repository\io\netty\netty-resolver\4.1.27.Final\netty-resolver-4.1.27.Final.jar;D:\Program Files\apache-maven-3.5.0\repository\io\netty\netty-handler\4.1.27.Final\netty-handler-4.1.27.Final.jar;D:\Program Files\apache-maven-3.5.0\repository\io\netty\netty-codec\4.1.27.Final\netty-codec-4.1.27.Final.jar;D:\Program Files\apache-maven-3.5.0\repository\org\springframework\boot\spring-boot-starter-web\2.0.4.RELEASE\spring-boot-starter-web-2.0.4.RELEASE.jar;D:\Program Files\apache-maven-3.5.0\repository\org\springframework\boot\spring-boot-starter-json\2.0.4.RELEASE\spring-boot-starter-json-2.0.4.RELEASE.jar;D:\Program Files\apache-maven-3.5.0\repository\com\fasterxml\jackson\core\jackson-databind\2.9.6\jackson-databind-2.9.6.jar;D:\Program Files\apache-maven-3.5.0\repository\com\fasterxml\jackson\core\jackson-annotations\2.9.0\jackson-annotations-2.9.0.jar;D:\Program Files\apache-maven-3.5.0\repository\com\fasterxml\jackson\core\jackson-core\2.9.6\jackson-core-2.9.6.jar;D:\Program Files\apache-maven-3.5.0\repository\com\fasterxml\jackson\datatype\jackson-datatype-jdk8\2.9.6\jackson-datatype-jdk8-2.9.6.jar;D:\Program Files\apache-maven-3.5.0\repository\com\fasterxml\jackson\datatype\jackson-datatype-jsr310\2.9.6\jackson-datatype-jsr310-2.9.6.jar;D:\Program Files\apache-maven-3.5.0\repository\com\fasterxml\jackson\module\jackson-module-parameter-names\2.9.6\jackson-module-parameter-names-2.9.6.jar;D:\Program Files\apache-maven-3.5.0\repository\org\springframework\boot\spring-boot-starter-tomcat\2.0.4.RELEASE\spring-boot-starter-tomcat-2.0.4.RELEASE.jar;D:\Program Files\apache-maven-3.5.0\repository\org\apache\tomcat\embed\tomcat-embed-websocket\8.5.32\tomcat-embed-websocket-8.5.32.jar;D:\Program Files\apache-maven-3.5.0\repository\org\hibernate\validator\hibernate-validator\6.0.11.Final\hibernate-validator-6.0.11.Final.jar;D:\Program Files\apache-maven-3.5.0\repository\javax\validation\validation-api\2.0.1.Final\validation-api-2.0.1.Final.jar;D:\Program Files\apache-maven-3.5.0\repository\org\springframework\spring-web\5.0.8.RELEASE\spring-web-5.0.8.RELEASE.jar;D:\Program Files\apache-maven-3.5.0\repository\org\springframework\spring-webmvc\5.0.8.RELEASE\spring-webmvc-5.0.8.RELEASE.jar;D:\Program Files\apache-maven-3.5.0\repository\org\springframework\boot\spring-boot-devtools\2.0.4.RELEASE\spring-boot-devtools-2.0.4.RELEASE.jar;D:\Program Files\apache-maven-3.5.0\repository\org\springframework\boot\spring-boot\2.0.4.RELEASE\spring-boot-2.0.4.RELEASE.jar;D:\Program Files\apache-maven-3.5.0\repository\org\springframework\boot\spring-boot-autoconfigure\2.0.4.RELEASE\spring-boot-autoconfigure-2.0.4.RELEASE.jar;D:\Program Files\apache-maven-3.5.0\repository\mysql\mysql-connector-java\5.1.46\mysql-connector-java-5.1.46.jar;D:\Program Files\apache-maven-3.5.0\repository\org\springframework\boot\spring-boot-starter-test\2.0.4.RELEASE\spring-boot-starter-test-2.0.4.RELEASE.jar;D:\Program Files\apache-maven-3.5.0\repository\org\springframework\boot\spring-boot-test\2.0.4.RELEASE\spring-boot-test-2.0.4.RELEASE.jar;D:\Program Files\apache-maven-3.5.0\repository\org\springframework\boot\spring-boot-test-autoconfigure\2.0.4.RELEASE\spring-boot-test-autoconfigure-2.0.4.RELEASE.jar;D:\Program Files\apache-maven-3.5.0\repository\com\jayway\jsonpath\json-path\2.4.0\json-path-2.4.0.jar;D:\Program Files\apache-maven-3.5.0\repository\net\minidev\json-smart\2.3\json-smart-2.3.jar;D:\Program Files\apache-maven-3.5.0\repository\net\minidev\accessors-smart\1.2\accessors-smart-1.2.jar;D:\Program Files\apache-maven-3.5.0\repository\org\ow2\asm\asm\5.0.4\asm-5.0.4.jar;D:\Program Files\apache-maven-3.5.0\repository\junit\junit\4.12\junit-4.12.jar;D:\Program Files\apache-maven-3.5.0\repository\org\assertj\assertj-core\3.9.1\assertj-core-3.9.1.jar;D:\Program Files\apache-maven-3.5.0\repository\org\mockito\mockito-core\2.15.0\mockito-core-2.15.0.jar;D:\Program Files\apache-maven-3.5.0\repository\net\bytebuddy\byte-buddy\1.7.11\byte-buddy-1.7.11.jar;D:\Program Files\apache-maven-3.5.0\repository\net\bytebuddy\byte-buddy-agent\1.7.11\byte-buddy-agent-1.7.11.jar;D:\Program Files\apache-maven-3.5.0\repository\org\objenesis\objenesis\2.6\objenesis-2.6.jar;D:\Program Files\apache-maven-3.5.0\repository\org\hamcrest\hamcrest-core\1.3\hamcrest-core-1.3.jar;D:\Program Files\apache-maven-3.5.0\repository\org\hamcrest\hamcrest-library\1.3\hamcrest-library-1.3.jar;D:\Program Files\apache-maven-3.5.0\repository\org\skyscreamer\jsonassert\1.5.0\jsonassert-1.5.0.jar;D:\Program Files\apache-maven-3.5.0\repository\com\vaadin\external\google\android-json\0.0.20131108.vaadin1\android-json-0.0.20131108.vaadin1.jar;D:\Program Files\apache-maven-3.5.0\repository\org\springframework\spring-core\5.0.8.RELEASE\spring-core-5.0.8.RELEASE.jar;D:\Program Files\apache-maven-3.5.0\repository\org\springframework\spring-jcl\5.0.8.RELEASE\spring-jcl-5.0.8.RELEASE.jar;D:\Program Files\apache-maven-3.5.0\repository\org\springframework\spring-test\5.0.8.RELEASE\spring-test-5.0.8.RELEASE.jar;D:\Program Files\apache-maven-3.5.0\repository\org\xmlunit\xmlunit-core\2.5.1\xmlunit-core-2.5.1.jar;D:\Program Files\apache-maven-3.5.0\repository\org\apache\poi\poi-ooxml\3.8\poi-ooxml-3.8.jar;D:\Program Files\apache-maven-3.5.0\repository\org\apache\poi\poi-ooxml-schemas\3.8\poi-ooxml-schemas-3.8.jar;D:\Program Files\apache-maven-3.5.0\repository\org\apache\xmlbeans\xmlbeans\2.3.0\xmlbeans-2.3.0.jar;D:\Program Files\apache-maven-3.5.0\repository\stax\stax-api\1.0.1\stax-api-1.0.1.jar;D:\Program Files\apache-maven-3.5.0\repository\dom4j\dom4j\1.6.1\dom4j-1.6.1.jar;D:\Program Files\apache-maven-3.5.0\repository\xml-apis\xml-apis\1.4.01\xml-apis-1.4.01.jar;D:\Program Files\apache-maven-3.5.0\repository\org\apache\poi\poi\3.8\poi-3.8.jar;D:\Program Files\apache-maven-3.5.0\repository\commons-codec\commons-codec\1.11\commons-codec-1.11.jar;D:\Program Files\apache-maven-3.5.0\repository\org\apache\tomcat\embed\tomcat-embed-jasper\8.5.32\tomcat-embed-jasper-8.5.32.jar;D:\Program Files\apache-maven-3.5.0\repository\org\apache\tomcat\embed\tomcat-embed-core\8.5.32\tomcat-embed-core-8.5.32.jar;D:\Program Files\apache-maven-3.5.0\repository\org\apache\tomcat\tomcat-annotations-api\8.5.32\tomcat-annotations-api-8.5.32.jar;D:\Program Files\apache-maven-3.5.0\repository\org\apache\tomcat\embed\tomcat-embed-el\8.5.32\tomcat-embed-el-8.5.32.jar;D:\Program Files\apache-maven-3.5.0\repository\org\eclipse\jdt\ecj\3.12.3\ecj-3.12.3.jar;D:\Program Files\apache-maven-3.5.0\repository\javax\servlet\jstl\1.2\jstl-1.2.jar;, user.name=aoomiao, java.vm.specification.version=1.8, sun.java.command=C:\Users\aoomiao\AppData\Local\Temp\surefire2524997583276524019\surefirebooter2339722128794522844.jar C:\Users\aoomiao\AppData\Local\Temp\surefire2524997583276524019 2018-08-20T14-35-03_280-jvmRun1 surefire6365088538490111358tmp surefire_08532624149985961217tmp, java.home=C:\Program Files\Java\jdk1.8.0_144\jre, sun.arch.data.model=64, user.language=zh, java.specification.vendor=Oracle Corporation, awt.toolkit=sun.awt.windows.WToolkit, java.vm.info=mixed mode, java.version=1.8.0_144, java.ext.dirs=C:\Program Files\Java\jdk1.8.0_144\jre\lib\ext;C:\Windows\Sun\Java\lib\ext, sun.boot.class.path=C:\Program Files\Java\jdk1.8.0_144\jre\lib\resources.jar;C:\Program Files\Java\jdk1.8.0_144\jre\lib\rt.jar;C:\Program Files\Java\jdk1.8.0_144\jre\lib\sunrsasign.jar;C:\Program Files\Java\jdk1.8.0_144\jre\lib\jsse.jar;C:\Program Files\Java\jdk1.8.0_144\jre\lib\jce.jar;C:\Program Files\Java\jdk1.8.0_144\jre\lib\charsets.jar;C:\Program Files\Java\jdk1.8.0_144\jre\lib\jfr.jar;C:\Program Files\Java\jdk1.8.0_144\jre\classes, java.vendor=Oracle Corporation, localRepository=D:\Program Files\apache-maven-3.5.0\repository, file.separator=\, java.vendor.url.bug=http://bugreport.sun.com/bugreport/, sun.io.unicode.encoding=UnicodeLittle, sun.cpu.endian=little, sun.desktop=windows, sun.cpu.isalist=amd64}}, SystemEnvironmentPropertySource@192881625 {name='systemEnvironment', properties={PATH=C:/Program Files/Java/jdk1.8.0_144/bin/../jre/bin/server;C:/Program Files/Java/jdk1.8.0_144/bin/../jre/bin;C:/Program Files/Java/jdk1.8.0_144/bin/../jre/lib/amd64;D:\oracle\product\11.2.0\dbhome_1\bin;C:\Windows\system32;C:\Windows;C:\Windows\System32\Wbem;C:\Windows\System32\WindowsPowerShell\v1.0\;C:\Program Files\Java\jdk1.8.0_144\bin;C:\Program Files\Java\jdk1.8.0_144\jre\bin;D:\Program Files\apache-maven-3.5.0\bin;C:\Program Files\MySQL\MySQL Utilities 1.6\;D:\Program Files\apache-tomcat-8.0.48\bin;D:\Program Files\PuTTY\;D:\Program Files (x86)\OpenSSH\bin;C:\Program Files\TortoiseSVN\bin;D:\Program Files\Git\cmd;C:\Program Files (x86)\HP\IdrsOCR_15.2.10.1114\;C:\Users\aoomiao\AppData\Local\Microsoft\WindowsApps;C:\Program Files\Java\jdk1.8.0_144\bin;;E:\sts-3.9.5.RELEASE;, USERDOMAIN_ROAMINGPROFILE=DESKTOP-FT5640J, LOCALAPPDATA=C:\Users\aoomiao\AppData\Local, PROCESSOR_LEVEL=6, SYSTEMDRIVE=C:, COMMONPROGRAMFILES(X86)=C:\Program Files (x86)\Common Files, USERDOMAIN=DESKTOP-FT5640J, FPS_BROWSER_APP_PROFILE_STRING=Internet Explorer, LOGONSERVER=\\DESKTOP-FT5640J, JAVA_HOME=C:\Program Files\Java\jdk1.8.0_144, PROMPT=$P$G, SESSIONNAME=Console, ALLUSERSPROFILE=C:\ProgramData, PROGRAMFILES(X86)=C:\Program Files (x86), PROCESSOR_ARCHITECTURE=AMD64, MAVEN_HOME=D:\Program Files\apache-maven-3.5.0, PROGRAMFILES=C:\Program Files, =C:=C:\, APPDATA=C:\Users\aoomiao\AppData\Roaming, PSMODULEPATH=C:\Program Files\WindowsPowerShell\Modules;C:\Windows\system32\WindowsPowerShell\v1.0\Modules;C:\Program Files\Intel\Wired Networking\, CYGWIN=tty, PROGRAMW6432=C:\Program Files, PROGRAMDATA=C:\ProgramData, SYSTEMROOT=C:\Windows, USERNAME=aoomiao, FPS_BROWSER_USER_PROFILE_STRING=Default, ONEDRIVE=C:\Users\aoomiao\OneDrive, PATHEXT=.COM;.EXE;.BAT;.CMD;.VBS;.VBE;.JS;.JSE;.WSF;.WSH;.MSC, OS=Windows_NT, COMMONPROGRAMW6432=C:\Program Files\Common Files, COMPUTERNAME=DESKTOP-FT5640J, COMMONPROGRAMFILES=C:\Program Files\Common Files, COMSPEC=C:\Windows\system32\cmd.exe, CATALINA_HOME=D:\Program Files\apache-tomcat-8.0.48, PROCESSOR_REVISION=9e0b, CLASSPATH=,C:\Program Files\Java\jdk1.8.0_144\lib\dt.jar;C:\Program Files\Java\jdk1.8.0_144\lib\tool.jar;, WINDIR=C:\Windows, =F:=F:\workspace\git\ExcelPoi, =D:=D:\, HOMEPATH=\Users\aoomiao, TEMP=C:\Users\aoomiao\AppData\Local\Temp, HOMEDRIVE=C:, PROCESSOR_IDENTIFIER=Intel64 Family 6 Model 158 Stepping 11, GenuineIntel, USERPROFILE=C:\Users\aoomiao, TMP=C:\Users\aoomiao\AppData\Local\Temp, PUBLIC=C:\Users\Public, NUMBER_OF_PROCESSORS=4, =::=::\}}]
14:35:04.195 [main] DEBUG org.springframework.core.io.support.PathMatchingResourcePatternResolver - Resolved classpath location [com/excel/test/] to resources [URL [file:/F:/workspace/git/ExcelPoi/target/test-classes/com/excel/test/], URL [file:/F:/workspace/git/ExcelPoi/target/classes/com/excel/test/]]
14:35:04.196 [main] DEBUG org.springframework.core.io.support.PathMatchingResourcePatternResolver - Looking for matching resources in directory tree [F:\workspace\git\ExcelPoi\target\test-classes\com\excel\test]
14:35:04.196 [main] DEBUG org.springframework.core.io.support.PathMatchingResourcePatternResolver - Searching directory [F:\workspace\git\ExcelPoi\target\test-classes\com\excel\test] for files matching pattern [F:/workspace/git/ExcelPoi/target/test-classes/com/excel/test/*.class]
14:35:04.200 [main] DEBUG org.springframework.core.io.support.PathMatchingResourcePatternResolver - Looking for matching resources in directory tree [F:\workspace\git\ExcelPoi\target\classes\com\excel\test]
14:35:04.200 [main] DEBUG org.springframework.core.io.support.PathMatchingResourcePatternResolver - Searching directory [F:\workspace\git\ExcelPoi\target\classes\com\excel\test] for files matching pattern [F:/workspace/git/ExcelPoi/target/classes/com/excel/test/*.class]
14:35:04.200 [main] DEBUG org.springframework.core.io.support.PathMatchingResourcePatternResolver - Resolved location pattern [classpath*:com/excel/test/*.class] to resources [file [F:\workspace\git\ExcelPoi\target\test-classes\com\excel\test\ExcelPoiApplicationTests.class], file [F:\workspace\git\ExcelPoi\target\classes\com\excel\test\ExcelPoiApplication.class]]
14:35:04.249 [main] DEBUG org.springframework.context.annotation.ClassPathScanningCandidateComponentProvider - Identified candidate component class: file [F:\workspace\git\ExcelPoi\target\classes\com\excel\test\ExcelPoiApplication.class]
14:35:04.250 [main] INFO org.springframework.boot.test.context.SpringBootTestContextBootstrapper - Found @SpringBootConfiguration com.excel.test.ExcelPoiApplication for test class com.excel.test.ExcelPoiApplicationTests
14:35:04.344 [main] DEBUG org.springframework.boot.test.context.SpringBootTestContextBootstrapper - @TestExecutionListeners is not present for class [com.excel.test.ExcelPoiApplicationTests]: using defaults.
14:35:04.345 [main] INFO org.springframework.boot.test.context.SpringBootTestContextBootstrapper - Loaded default TestExecutionListener class names from location [META-INF/spring.factories]: [org.springframework.boot.test.mock.mockito.MockitoTestExecutionListener, org.springframework.boot.test.mock.mockito.ResetMocksTestExecutionListener, org.springframework.boot.test.autoconfigure.restdocs.RestDocsTestExecutionListener, org.springframework.boot.test.autoconfigure.web.client.MockRestServiceServerResetTestExecutionListener, org.springframework.boot.test.autoconfigure.web.servlet.MockMvcPrintOnlyOnFailureTestExecutionListener, org.springframework.boot.test.autoconfigure.web.servlet.WebDriverTestExecutionListener, org.springframework.test.context.web.ServletTestExecutionListener, org.springframework.test.context.support.DirtiesContextBeforeModesTestExecutionListener, org.springframework.test.context.support.DependencyInjectionTestExecutionListener, org.springframework.test.context.support.DirtiesContextTestExecutionListener, org.springframework.test.context.transaction.TransactionalTestExecutionListener, org.springframework.test.context.jdbc.SqlScriptsTestExecutionListener]
14:35:04.361 [main] INFO org.springframework.boot.test.context.SpringBootTestContextBootstrapper - Using TestExecutionListeners: [org.springframework.test.context.web.ServletTestExecutionListener@17f7cd29, org.springframework.test.context.support.DirtiesContextBeforeModesTestExecutionListener@7d8704ef, org.springframework.boot.test.mock.mockito.MockitoTestExecutionListener@13b6aecc, org.springframework.boot.test.autoconfigure.SpringBootDependencyInjectionTestExecutionListener@158a8276, org.springframework.test.context.support.DirtiesContextTestExecutionListener@3c3d9b6b, org.springframework.test.context.transaction.TransactionalTestExecutionListener@79d8407f, org.springframework.test.context.jdbc.SqlScriptsTestExecutionListener@5fbe4146, org.springframework.boot.test.mock.mockito.ResetMocksTestExecutionListener@1e66f1f5, org.springframework.boot.test.autoconfigure.restdocs.RestDocsTestExecutionListener@4e50c791, org.springframework.boot.test.autoconfigure.web.client.MockRestServiceServerResetTestExecutionListener@7530ad9c, org.springframework.boot.test.autoconfigure.web.servlet.MockMvcPrintOnlyOnFailureTestExecutionListener@58a9760d, org.springframework.boot.test.autoconfigure.web.servlet.WebDriverTestExecutionListener@71e9ddb4]
14:35:04.362 [main] DEBUG org.springframework.test.annotation.ProfileValueUtils - Retrieved @ProfileValueSourceConfiguration [null] for test class [com.excel.test.ExcelPoiApplicationTests]
14:35:04.363 [main] DEBUG org.springframework.test.annotation.ProfileValueUtils - Retrieved ProfileValueSource type [class org.springframework.test.annotation.SystemProfileValueSource] for class [com.excel.test.ExcelPoiApplicationTests]
14:35:04.365 [main] DEBUG org.springframework.test.annotation.ProfileValueUtils - Retrieved @ProfileValueSourceConfiguration [null] for test class [com.excel.test.ExcelPoiApplicationTests]
14:35:04.365 [main] DEBUG org.springframework.test.annotation.ProfileValueUtils - Retrieved ProfileValueSource type [class org.springframework.test.annotation.SystemProfileValueSource] for class [com.excel.test.ExcelPoiApplicationTests]
14:35:04.366 [main] DEBUG org.springframework.test.annotation.ProfileValueUtils - Retrieved @ProfileValueSourceConfiguration [null] for test class [com.excel.test.ExcelPoiApplicationTests]
14:35:04.366 [main] DEBUG org.springframework.test.annotation.ProfileValueUtils - Retrieved ProfileValueSource type [class org.springframework.test.annotation.SystemProfileValueSource] for class [com.excel.test.ExcelPoiApplicationTests]
14:35:04.369 [main] DEBUG org.springframework.test.context.support.AbstractDirtiesContextTestExecutionListener - Before test class: context [DefaultTestContext@3af9c5b7 testClass = ExcelPoiApplicationTests, testInstance = [null], testMethod = [null], testException = [null], mergedContextConfiguration = [WebMergedContextConfiguration@37271612 testClass = ExcelPoiApplicationTests, locations = '{}', classes = '{class com.excel.test.ExcelPoiApplication}', contextInitializerClasses = '[]', activeProfiles = '{}', propertySourceLocations = '{}', propertySourceProperties = '{org.springframework.boot.test.context.SpringBootTestContextBootstrapper=true}', contextCustomizers = set[org.springframework.boot.test.context.filter.ExcludeFilterContextCustomizer@6c9f5c0d, org.springframework.boot.test.json.DuplicateJsonObjectContextCustomizerFactory$DuplicateJsonObjectContextCustomizer@2bea5ab4, org.springframework.boot.test.mock.mockito.MockitoContextCustomizer@0, org.springframework.boot.test.web.client.TestRestTemplateContextCustomizer@45afc369, org.springframework.boot.test.autoconfigure.properties.PropertyMappingContextCustomizer@0, org.springframework.boot.test.autoconfigure.web.servlet.WebDriverContextCustomizerFactory$Customizer@3e77a1ed], resourceBasePath = 'src/main/webapp', contextLoader = 'org.springframework.boot.test.context.SpringBootContextLoader', parent = [null]], attributes = map['org.springframework.test.context.web.ServletTestExecutionListener.activateListener' -> true]], class annotated with @DirtiesContext [false] with mode [null].
14:35:04.371 [main] DEBUG org.springframework.test.annotation.ProfileValueUtils - Retrieved @ProfileValueSourceConfiguration [null] for test class [com.excel.test.ExcelPoiApplicationTests]
14:35:04.371 [main] DEBUG org.springframework.test.annotation.ProfileValueUtils - Retrieved ProfileValueSource type [class org.springframework.test.annotation.SystemProfileValueSource] for class [com.excel.test.ExcelPoiApplicationTests]
14:35:04.395 [main] DEBUG org.springframework.core.env.StandardEnvironment - Adding PropertySource 'systemProperties' with lowest search precedence
14:35:04.395 [main] DEBUG org.springframework.core.env.StandardEnvironment - Adding PropertySource 'systemEnvironment' with lowest search precedence
14:35:04.395 [main] DEBUG org.springframework.core.env.StandardEnvironment - Initialized StandardEnvironment with PropertySources [MapPropertySource@137460818 {name='systemProperties', properties={java.runtime.name=Java(TM) SE Runtime Environment, sun.boot.library.path=C:\Program Files\Java\jdk1.8.0_144\jre\bin, java.vm.version=25.144-b01, java.vm.vendor=Oracle Corporation, java.vendor.url=http://java.oracle.com/, path.separator=;, java.vm.name=Java HotSpot(TM) 64-Bit Server VM, file.encoding.pkg=sun.io, user.country=CN, user.script=, sun.java.launcher=SUN_STANDARD, sun.os.patch.level=, java.vm.specification.name=Java Virtual Machine Specification, user.dir=F:\workspace\git\ExcelPoi, java.runtime.version=1.8.0_144-b01, basedir=F:\workspace\git\ExcelPoi, java.awt.graphicsenv=sun.awt.Win32GraphicsEnvironment, java.endorsed.dirs=C:\Program Files\Java\jdk1.8.0_144\jre\lib\endorsed, os.arch=amd64, surefire.real.class.path=C:\Users\aoomiao\AppData\Local\Temp\surefire2524997583276524019\surefirebooter2339722128794522844.jar, java.io.tmpdir=C:\Users\aoomiao\AppData\Local\Temp\, line.separator=
, java.vm.specification.vendor=Oracle Corporation, user.variant=, os.name=Windows 10, sun.jnu.encoding=GBK, java.library.path=C:\Program Files\Java\jdk1.8.0_144\jre\bin;C:\Windows\Sun\Java\bin;C:\Windows\system32;C:\Windows;C:/Program Files/Java/jdk1.8.0_144/bin/../jre/bin/server;C:/Program Files/Java/jdk1.8.0_144/bin/../jre/bin;C:/Program Files/Java/jdk1.8.0_144/bin/../jre/lib/amd64;D:\oracle\product\11.2.0\dbhome_1\bin;C:\Windows\system32;C:\Windows;C:\Windows\System32\Wbem;C:\Windows\System32\WindowsPowerShell\v1.0\;C:\Program Files\Java\jdk1.8.0_144\bin;C:\Program Files\Java\jdk1.8.0_144\jre\bin;D:\Program Files\apache-maven-3.5.0\bin;C:\Program Files\MySQL\MySQL Utilities 1.6\;D:\Program Files\apache-tomcat-8.0.48\bin;D:\Program Files\PuTTY\;D:\Program Files (x86)\OpenSSH\bin;C:\Program Files\TortoiseSVN\bin;D:\Program Files\Git\cmd;C:\Program Files (x86)\HP\IdrsOCR_15.2.10.1114\;C:\Users\aoomiao\AppData\Local\Microsoft\WindowsApps;C:\Program Files\Java\jdk1.8.0_144\bin;;E:\sts-3.9.5.RELEASE;;., surefire.test.class.path=F:\workspace\git\ExcelPoi\target\test-classes;F:\workspace\git\ExcelPoi\target\classes;D:\Program Files\apache-maven-3.5.0\repository\org\springframework\boot\spring-boot-starter-cache\2.0.4.RELEASE\spring-boot-starter-cache-2.0.4.RELEASE.jar;D:\Program Files\apache-maven-3.5.0\repository\org\springframework\boot\spring-boot-starter\2.0.4.RELEASE\spring-boot-starter-2.0.4.RELEASE.jar;D:\Program Files\apache-maven-3.5.0\repository\org\springframework\boot\spring-boot-starter-logging\2.0.4.RELEASE\spring-boot-starter-logging-2.0.4.RELEASE.jar;D:\Program Files\apache-maven-3.5.0\repository\ch\qos\logback\logback-classic\1.2.3\logback-classic-1.2.3.jar;D:\Program Files\apache-maven-3.5.0\repository\ch\qos\logback\logback-core\1.2.3\logback-core-1.2.3.jar;D:\Program Files\apache-maven-3.5.0\repository\org\apache\logging\log4j\log4j-to-slf4j\2.10.0\log4j-to-slf4j-2.10.0.jar;D:\Program Files\apache-maven-3.5.0\repository\org\apache\logging\log4j\log4j-api\2.10.0\log4j-api-2.10.0.jar;D:\Program Files\apache-maven-3.5.0\repository\org\slf4j\jul-to-slf4j\1.7.25\jul-to-slf4j-1.7.25.jar;D:\Program Files\apache-maven-3.5.0\repository\javax\annotation\javax.annotation-api\1.3.2\javax.annotation-api-1.3.2.jar;D:\Program Files\apache-maven-3.5.0\repository\org\yaml\snakeyaml\1.19\snakeyaml-1.19.jar;D:\Program Files\apache-maven-3.5.0\repository\org\springframework\spring-context\5.0.8.RELEASE\spring-context-5.0.8.RELEASE.jar;D:\Program Files\apache-maven-3.5.0\repository\org\springframework\spring-aop\5.0.8.RELEASE\spring-aop-5.0.8.RELEASE.jar;D:\Program Files\apache-maven-3.5.0\repository\org\springframework\spring-beans\5.0.8.RELEASE\spring-beans-5.0.8.RELEASE.jar;D:\Program Files\apache-maven-3.5.0\repository\org\springframework\spring-expression\5.0.8.RELEASE\spring-expression-5.0.8.RELEASE.jar;D:\Program Files\apache-maven-3.5.0\repository\org\springframework\spring-context-support\5.0.8.RELEASE\spring-context-support-5.0.8.RELEASE.jar;D:\Program Files\apache-maven-3.5.0\repository\org\springframework\boot\spring-boot-starter-data-jpa\2.0.4.RELEASE\spring-boot-starter-data-jpa-2.0.4.RELEASE.jar;D:\Program Files\apache-maven-3.5.0\repository\org\springframework\boot\spring-boot-starter-aop\2.0.4.RELEASE\spring-boot-starter-aop-2.0.4.RELEASE.jar;D:\Program Files\apache-maven-3.5.0\repository\org\aspectj\aspectjweaver\1.8.13\aspectjweaver-1.8.13.jar;D:\Program Files\apache-maven-3.5.0\repository\org\springframework\boot\spring-boot-starter-jdbc\2.0.4.RELEASE\spring-boot-starter-jdbc-2.0.4.RELEASE.jar;D:\Program Files\apache-maven-3.5.0\repository\com\zaxxer\HikariCP\2.7.9\HikariCP-2.7.9.jar;D:\Program Files\apache-maven-3.5.0\repository\org\springframework\spring-jdbc\5.0.8.RELEASE\spring-jdbc-5.0.8.RELEASE.jar;D:\Program Files\apache-maven-3.5.0\repository\org\hibernate\hibernate-core\5.2.17.Final\hibernate-core-5.2.17.Final.jar;D:\Program Files\apache-maven-3.5.0\repository\org\jboss\logging\jboss-logging\3.3.2.Final\jboss-logging-3.3.2.Final.jar;D:\Program Files\apache-maven-3.5.0\repository\org\hibernate\javax\persistence\hibernate-jpa-2.1-api\1.0.2.Final\hibernate-jpa-2.1-api-1.0.2.Final.jar;D:\Program Files\apache-maven-3.5.0\repository\org\javassist\javassist\3.22.0-GA\javassist-3.22.0-GA.jar;D:\Program Files\apache-maven-3.5.0\repository\antlr\antlr\2.7.7\antlr-2.7.7.jar;D:\Program Files\apache-maven-3.5.0\repository\org\jboss\jandex\2.0.3.Final\jandex-2.0.3.Final.jar;D:\Program Files\apache-maven-3.5.0\repository\com\fasterxml\classmate\1.3.4\classmate-1.3.4.jar;D:\Program Files\apache-maven-3.5.0\repository\org\hibernate\common\hibernate-commons-annotations\5.0.1.Final\hibernate-commons-annotations-5.0.1.Final.jar;D:\Program Files\apache-maven-3.5.0\repository\javax\transaction\javax.transaction-api\1.2\javax.transaction-api-1.2.jar;D:\Program Files\apache-maven-3.5.0\repository\org\springframework\data\spring-data-jpa\2.0.9.RELEASE\spring-data-jpa-2.0.9.RELEASE.jar;D:\Program Files\apache-maven-3.5.0\repository\org\springframework\data\spring-data-commons\2.0.9.RELEASE\spring-data-commons-2.0.9.RELEASE.jar;D:\Program Files\apache-maven-3.5.0\repository\org\springframework\spring-orm\5.0.8.RELEASE\spring-orm-5.0.8.RELEASE.jar;D:\Program Files\apache-maven-3.5.0\repository\org\springframework\spring-tx\5.0.8.RELEASE\spring-tx-5.0.8.RELEASE.jar;D:\Program Files\apache-maven-3.5.0\repository\org\slf4j\slf4j-api\1.7.25\slf4j-api-1.7.25.jar;D:\Program Files\apache-maven-3.5.0\repository\org\springframework\spring-aspects\5.0.8.RELEASE\spring-aspects-5.0.8.RELEASE.jar;D:\Program Files\apache-maven-3.5.0\repository\org\springframework\boot\spring-boot-starter-data-redis\2.0.4.RELEASE\spring-boot-starter-data-redis-2.0.4.RELEASE.jar;D:\Program Files\apache-maven-3.5.0\repository\org\springframework\data\spring-data-redis\2.0.9.RELEASE\spring-data-redis-2.0.9.RELEASE.jar;D:\Program Files\apache-maven-3.5.0\repository\org\springframework\data\spring-data-keyvalue\2.0.9.RELEASE\spring-data-keyvalue-2.0.9.RELEASE.jar;D:\Program Files\apache-maven-3.5.0\repository\org\springframework\spring-oxm\5.0.8.RELEASE\spring-oxm-5.0.8.RELEASE.jar;D:\Program Files\apache-maven-3.5.0\repository\io\lettuce\lettuce-core\5.0.4.RELEASE\lettuce-core-5.0.4.RELEASE.jar;D:\Program Files\apache-maven-3.5.0\repository\io\projectreactor\reactor-core\3.1.8.RELEASE\reactor-core-3.1.8.RELEASE.jar;D:\Program Files\apache-maven-3.5.0\repository\org\reactivestreams\reactive-streams\1.0.2\reactive-streams-1.0.2.jar;D:\Program Files\apache-maven-3.5.0\repository\io\netty\netty-common\4.1.27.Final\netty-common-4.1.27.Final.jar;D:\Program Files\apache-maven-3.5.0\repository\io\netty\netty-transport\4.1.27.Final\netty-transport-4.1.27.Final.jar;D:\Program Files\apache-maven-3.5.0\repository\io\netty\netty-buffer\4.1.27.Final\netty-buffer-4.1.27.Final.jar;D:\Program Files\apache-maven-3.5.0\repository\io\netty\netty-resolver\4.1.27.Final\netty-resolver-4.1.27.Final.jar;D:\Program Files\apache-maven-3.5.0\repository\io\netty\netty-handler\4.1.27.Final\netty-handler-4.1.27.Final.jar;D:\Program Files\apache-maven-3.5.0\repository\io\netty\netty-codec\4.1.27.Final\netty-codec-4.1.27.Final.jar;D:\Program Files\apache-maven-3.5.0\repository\org\springframework\boot\spring-boot-starter-web\2.0.4.RELEASE\spring-boot-starter-web-2.0.4.RELEASE.jar;D:\Program Files\apache-maven-3.5.0\repository\org\springframework\boot\spring-boot-starter-json\2.0.4.RELEASE\spring-boot-starter-json-2.0.4.RELEASE.jar;D:\Program Files\apache-maven-3.5.0\repository\com\fasterxml\jackson\core\jackson-databind\2.9.6\jackson-databind-2.9.6.jar;D:\Program Files\apache-maven-3.5.0\repository\com\fasterxml\jackson\core\jackson-annotations\2.9.0\jackson-annotations-2.9.0.jar;D:\Program Files\apache-maven-3.5.0\repository\com\fasterxml\jackson\core\jackson-core\2.9.6\jackson-core-2.9.6.jar;D:\Program Files\apache-maven-3.5.0\repository\com\fasterxml\jackson\datatype\jackson-datatype-jdk8\2.9.6\jackson-datatype-jdk8-2.9.6.jar;D:\Program Files\apache-maven-3.5.0\repository\com\fasterxml\jackson\datatype\jackson-datatype-jsr310\2.9.6\jackson-datatype-jsr310-2.9.6.jar;D:\Program Files\apache-maven-3.5.0\repository\com\fasterxml\jackson\module\jackson-module-parameter-names\2.9.6\jackson-module-parameter-names-2.9.6.jar;D:\Program Files\apache-maven-3.5.0\repository\org\springframework\boot\spring-boot-starter-tomcat\2.0.4.RELEASE\spring-boot-starter-tomcat-2.0.4.RELEASE.jar;D:\Program Files\apache-maven-3.5.0\repository\org\apache\tomcat\embed\tomcat-embed-websocket\8.5.32\tomcat-embed-websocket-8.5.32.jar;D:\Program Files\apache-maven-3.5.0\repository\org\hibernate\validator\hibernate-validator\6.0.11.Final\hibernate-validator-6.0.11.Final.jar;D:\Program Files\apache-maven-3.5.0\repository\javax\validation\validation-api\2.0.1.Final\validation-api-2.0.1.Final.jar;D:\Program Files\apache-maven-3.5.0\repository\org\springframework\spring-web\5.0.8.RELEASE\spring-web-5.0.8.RELEASE.jar;D:\Program Files\apache-maven-3.5.0\repository\org\springframework\spring-webmvc\5.0.8.RELEASE\spring-webmvc-5.0.8.RELEASE.jar;D:\Program Files\apache-maven-3.5.0\repository\org\springframework\boot\spring-boot-devtools\2.0.4.RELEASE\spring-boot-devtools-2.0.4.RELEASE.jar;D:\Program Files\apache-maven-3.5.0\repository\org\springframework\boot\spring-boot\2.0.4.RELEASE\spring-boot-2.0.4.RELEASE.jar;D:\Program Files\apache-maven-3.5.0\repository\org\springframework\boot\spring-boot-autoconfigure\2.0.4.RELEASE\spring-boot-autoconfigure-2.0.4.RELEASE.jar;D:\Program Files\apache-maven-3.5.0\repository\mysql\mysql-connector-java\5.1.46\mysql-connector-java-5.1.46.jar;D:\Program Files\apache-maven-3.5.0\repository\org\springframework\boot\spring-boot-starter-test\2.0.4.RELEASE\spring-boot-starter-test-2.0.4.RELEASE.jar;D:\Program Files\apache-maven-3.5.0\repository\org\springframework\boot\spring-boot-test\2.0.4.RELEASE\spring-boot-test-2.0.4.RELEASE.jar;D:\Program Files\apache-maven-3.5.0\repository\org\springframework\boot\spring-boot-test-autoconfigure\2.0.4.RELEASE\spring-boot-test-autoconfigure-2.0.4.RELEASE.jar;D:\Program Files\apache-maven-3.5.0\repository\com\jayway\jsonpath\json-path\2.4.0\json-path-2.4.0.jar;D:\Program Files\apache-maven-3.5.0\repository\net\minidev\json-smart\2.3\json-smart-2.3.jar;D:\Program Files\apache-maven-3.5.0\repository\net\minidev\accessors-smart\1.2\accessors-smart-1.2.jar;D:\Program Files\apache-maven-3.5.0\repository\org\ow2\asm\asm\5.0.4\asm-5.0.4.jar;D:\Program Files\apache-maven-3.5.0\repository\junit\junit\4.12\junit-4.12.jar;D:\Program Files\apache-maven-3.5.0\repository\org\assertj\assertj-core\3.9.1\assertj-core-3.9.1.jar;D:\Program Files\apache-maven-3.5.0\repository\org\mockito\mockito-core\2.15.0\mockito-core-2.15.0.jar;D:\Program Files\apache-maven-3.5.0\repository\net\bytebuddy\byte-buddy\1.7.11\byte-buddy-1.7.11.jar;D:\Program Files\apache-maven-3.5.0\repository\net\bytebuddy\byte-buddy-agent\1.7.11\byte-buddy-agent-1.7.11.jar;D:\Program Files\apache-maven-3.5.0\repository\org\objenesis\objenesis\2.6\objenesis-2.6.jar;D:\Program Files\apache-maven-3.5.0\repository\org\hamcrest\hamcrest-core\1.3\hamcrest-core-1.3.jar;D:\Program Files\apache-maven-3.5.0\repository\org\hamcrest\hamcrest-library\1.3\hamcrest-library-1.3.jar;D:\Program Files\apache-maven-3.5.0\repository\org\skyscreamer\jsonassert\1.5.0\jsonassert-1.5.0.jar;D:\Program Files\apache-maven-3.5.0\repository\com\vaadin\external\google\android-json\0.0.20131108.vaadin1\android-json-0.0.20131108.vaadin1.jar;D:\Program Files\apache-maven-3.5.0\repository\org\springframework\spring-core\5.0.8.RELEASE\spring-core-5.0.8.RELEASE.jar;D:\Program Files\apache-maven-3.5.0\repository\org\springframework\spring-jcl\5.0.8.RELEASE\spring-jcl-5.0.8.RELEASE.jar;D:\Program Files\apache-maven-3.5.0\repository\org\springframework\spring-test\5.0.8.RELEASE\spring-test-5.0.8.RELEASE.jar;D:\Program Files\apache-maven-3.5.0\repository\org\xmlunit\xmlunit-core\2.5.1\xmlunit-core-2.5.1.jar;D:\Program Files\apache-maven-3.5.0\repository\org\apache\poi\poi-ooxml\3.8\poi-ooxml-3.8.jar;D:\Program Files\apache-maven-3.5.0\repository\org\apache\poi\poi-ooxml-schemas\3.8\poi-ooxml-schemas-3.8.jar;D:\Program Files\apache-maven-3.5.0\repository\org\apache\xmlbeans\xmlbeans\2.3.0\xmlbeans-2.3.0.jar;D:\Program Files\apache-maven-3.5.0\repository\stax\stax-api\1.0.1\stax-api-1.0.1.jar;D:\Program Files\apache-maven-3.5.0\repository\dom4j\dom4j\1.6.1\dom4j-1.6.1.jar;D:\Program Files\apache-maven-3.5.0\repository\xml-apis\xml-apis\1.4.01\xml-apis-1.4.01.jar;D:\Program Files\apache-maven-3.5.0\repository\org\apache\poi\poi\3.8\poi-3.8.jar;D:\Program Files\apache-maven-3.5.0\repository\commons-codec\commons-codec\1.11\commons-codec-1.11.jar;D:\Program Files\apache-maven-3.5.0\repository\org\apache\tomcat\embed\tomcat-embed-jasper\8.5.32\tomcat-embed-jasper-8.5.32.jar;D:\Program Files\apache-maven-3.5.0\repository\org\apache\tomcat\embed\tomcat-embed-core\8.5.32\tomcat-embed-core-8.5.32.jar;D:\Program Files\apache-maven-3.5.0\repository\org\apache\tomcat\tomcat-annotations-api\8.5.32\tomcat-annotations-api-8.5.32.jar;D:\Program Files\apache-maven-3.5.0\repository\org\apache\tomcat\embed\tomcat-embed-el\8.5.32\tomcat-embed-el-8.5.32.jar;D:\Program Files\apache-maven-3.5.0\repository\org\eclipse\jdt\ecj\3.12.3\ecj-3.12.3.jar;D:\Program Files\apache-maven-3.5.0\repository\javax\servlet\jstl\1.2\jstl-1.2.jar;, java.specification.name=Java Platform API Specification, java.class.version=52.0, sun.management.compiler=HotSpot 64-Bit Tiered Compilers, os.version=10.0, user.home=C:\Users\aoomiao, user.timezone=Asia/Shanghai, java.awt.printerjob=sun.awt.windows.WPrinterJob, file.encoding=GBK, java.specification.version=1.8, java.class.path=F:\workspace\git\ExcelPoi\target\test-classes;F:\workspace\git\ExcelPoi\target\classes;D:\Program Files\apache-maven-3.5.0\repository\org\springframework\boot\spring-boot-starter-cache\2.0.4.RELEASE\spring-boot-starter-cache-2.0.4.RELEASE.jar;D:\Program Files\apache-maven-3.5.0\repository\org\springframework\boot\spring-boot-starter\2.0.4.RELEASE\spring-boot-starter-2.0.4.RELEASE.jar;D:\Program Files\apache-maven-3.5.0\repository\org\springframework\boot\spring-boot-starter-logging\2.0.4.RELEASE\spring-boot-starter-logging-2.0.4.RELEASE.jar;D:\Program Files\apache-maven-3.5.0\repository\ch\qos\logback\logback-classic\1.2.3\logback-classic-1.2.3.jar;D:\Program Files\apache-maven-3.5.0\repository\ch\qos\logback\logback-core\1.2.3\logback-core-1.2.3.jar;D:\Program Files\apache-maven-3.5.0\repository\org\apache\logging\log4j\log4j-to-slf4j\2.10.0\log4j-to-slf4j-2.10.0.jar;D:\Program Files\apache-maven-3.5.0\repository\org\apache\logging\log4j\log4j-api\2.10.0\log4j-api-2.10.0.jar;D:\Program Files\apache-maven-3.5.0\repository\org\slf4j\jul-to-slf4j\1.7.25\jul-to-slf4j-1.7.25.jar;D:\Program Files\apache-maven-3.5.0\repository\javax\annotation\javax.annotation-api\1.3.2\javax.annotation-api-1.3.2.jar;D:\Program Files\apache-maven-3.5.0\repository\org\yaml\snakeyaml\1.19\snakeyaml-1.19.jar;D:\Program Files\apache-maven-3.5.0\repository\org\springframework\spring-context\5.0.8.RELEASE\spring-context-5.0.8.RELEASE.jar;D:\Program Files\apache-maven-3.5.0\repository\org\springframework\spring-aop\5.0.8.RELEASE\spring-aop-5.0.8.RELEASE.jar;D:\Program Files\apache-maven-3.5.0\repository\org\springframework\spring-beans\5.0.8.RELEASE\spring-beans-5.0.8.RELEASE.jar;D:\Program Files\apache-maven-3.5.0\repository\org\springframework\spring-expression\5.0.8.RELEASE\spring-expression-5.0.8.RELEASE.jar;D:\Program Files\apache-maven-3.5.0\repository\org\springframework\spring-context-support\5.0.8.RELEASE\spring-context-support-5.0.8.RELEASE.jar;D:\Program Files\apache-maven-3.5.0\repository\org\springframework\boot\spring-boot-starter-data-jpa\2.0.4.RELEASE\spring-boot-starter-data-jpa-2.0.4.RELEASE.jar;D:\Program Files\apache-maven-3.5.0\repository\org\springframework\boot\spring-boot-starter-aop\2.0.4.RELEASE\spring-boot-starter-aop-2.0.4.RELEASE.jar;D:\Program Files\apache-maven-3.5.0\repository\org\aspectj\aspectjweaver\1.8.13\aspectjweaver-1.8.13.jar;D:\Program Files\apache-maven-3.5.0\repository\org\springframework\boot\spring-boot-starter-jdbc\2.0.4.RELEASE\spring-boot-starter-jdbc-2.0.4.RELEASE.jar;D:\Program Files\apache-maven-3.5.0\repository\com\zaxxer\HikariCP\2.7.9\HikariCP-2.7.9.jar;D:\Program Files\apache-maven-3.5.0\repository\org\springframework\spring-jdbc\5.0.8.RELEASE\spring-jdbc-5.0.8.RELEASE.jar;D:\Program Files\apache-maven-3.5.0\repository\org\hibernate\hibernate-core\5.2.17.Final\hibernate-core-5.2.17.Final.jar;D:\Program Files\apache-maven-3.5.0\repository\org\jboss\logging\jboss-logging\3.3.2.Final\jboss-logging-3.3.2.Final.jar;D:\Program Files\apache-maven-3.5.0\repository\org\hibernate\javax\persistence\hibernate-jpa-2.1-api\1.0.2.Final\hibernate-jpa-2.1-api-1.0.2.Final.jar;D:\Program Files\apache-maven-3.5.0\repository\org\javassist\javassist\3.22.0-GA\javassist-3.22.0-GA.jar;D:\Program Files\apache-maven-3.5.0\repository\antlr\antlr\2.7.7\antlr-2.7.7.jar;D:\Program Files\apache-maven-3.5.0\repository\org\jboss\jandex\2.0.3.Final\jandex-2.0.3.Final.jar;D:\Program Files\apache-maven-3.5.0\repository\com\fasterxml\classmate\1.3.4\classmate-1.3.4.jar;D:\Program Files\apache-maven-3.5.0\repository\org\hibernate\common\hibernate-commons-annotations\5.0.1.Final\hibernate-commons-annotations-5.0.1.Final.jar;D:\Program Files\apache-maven-3.5.0\repository\javax\transaction\javax.transaction-api\1.2\javax.transaction-api-1.2.jar;D:\Program Files\apache-maven-3.5.0\repository\org\springframework\data\spring-data-jpa\2.0.9.RELEASE\spring-data-jpa-2.0.9.RELEASE.jar;D:\Program Files\apache-maven-3.5.0\repository\org\springframework\data\spring-data-commons\2.0.9.RELEASE\spring-data-commons-2.0.9.RELEASE.jar;D:\Program Files\apache-maven-3.5.0\repository\org\springframework\spring-orm\5.0.8.RELEASE\spring-orm-5.0.8.RELEASE.jar;D:\Program Files\apache-maven-3.5.0\repository\org\springframework\spring-tx\5.0.8.RELEASE\spring-tx-5.0.8.RELEASE.jar;D:\Program Files\apache-maven-3.5.0\repository\org\slf4j\slf4j-api\1.7.25\slf4j-api-1.7.25.jar;D:\Program Files\apache-maven-3.5.0\repository\org\springframework\spring-aspects\5.0.8.RELEASE\spring-aspects-5.0.8.RELEASE.jar;D:\Program Files\apache-maven-3.5.0\repository\org\springframework\boot\spring-boot-starter-data-redis\2.0.4.RELEASE\spring-boot-starter-data-redis-2.0.4.RELEASE.jar;D:\Program Files\apache-maven-3.5.0\repository\org\springframework\data\spring-data-redis\2.0.9.RELEASE\spring-data-redis-2.0.9.RELEASE.jar;D:\Program Files\apache-maven-3.5.0\repository\org\springframework\data\spring-data-keyvalue\2.0.9.RELEASE\spring-data-keyvalue-2.0.9.RELEASE.jar;D:\Program Files\apache-maven-3.5.0\repository\org\springframework\spring-oxm\5.0.8.RELEASE\spring-oxm-5.0.8.RELEASE.jar;D:\Program Files\apache-maven-3.5.0\repository\io\lettuce\lettuce-core\5.0.4.RELEASE\lettuce-core-5.0.4.RELEASE.jar;D:\Program Files\apache-maven-3.5.0\repository\io\projectreactor\reactor-core\3.1.8.RELEASE\reactor-core-3.1.8.RELEASE.jar;D:\Program Files\apache-maven-3.5.0\repository\org\reactivestreams\reactive-streams\1.0.2\reactive-streams-1.0.2.jar;D:\Program Files\apache-maven-3.5.0\repository\io\netty\netty-common\4.1.27.Final\netty-common-4.1.27.Final.jar;D:\Program Files\apache-maven-3.5.0\repository\io\netty\netty-transport\4.1.27.Final\netty-transport-4.1.27.Final.jar;D:\Program Files\apache-maven-3.5.0\repository\io\netty\netty-buffer\4.1.27.Final\netty-buffer-4.1.27.Final.jar;D:\Program Files\apache-maven-3.5.0\repository\io\netty\netty-resolver\4.1.27.Final\netty-resolver-4.1.27.Final.jar;D:\Program Files\apache-maven-3.5.0\repository\io\netty\netty-handler\4.1.27.Final\netty-handler-4.1.27.Final.jar;D:\Program Files\apache-maven-3.5.0\repository\io\netty\netty-codec\4.1.27.Final\netty-codec-4.1.27.Final.jar;D:\Program Files\apache-maven-3.5.0\repository\org\springframework\boot\spring-boot-starter-web\2.0.4.RELEASE\spring-boot-starter-web-2.0.4.RELEASE.jar;D:\Program Files\apache-maven-3.5.0\repository\org\springframework\boot\spring-boot-starter-json\2.0.4.RELEASE\spring-boot-starter-json-2.0.4.RELEASE.jar;D:\Program Files\apache-maven-3.5.0\repository\com\fasterxml\jackson\core\jackson-databind\2.9.6\jackson-databind-2.9.6.jar;D:\Program Files\apache-maven-3.5.0\repository\com\fasterxml\jackson\core\jackson-annotations\2.9.0\jackson-annotations-2.9.0.jar;D:\Program Files\apache-maven-3.5.0\repository\com\fasterxml\jackson\core\jackson-core\2.9.6\jackson-core-2.9.6.jar;D:\Program Files\apache-maven-3.5.0\repository\com\fasterxml\jackson\datatype\jackson-datatype-jdk8\2.9.6\jackson-datatype-jdk8-2.9.6.jar;D:\Program Files\apache-maven-3.5.0\repository\com\fasterxml\jackson\datatype\jackson-datatype-jsr310\2.9.6\jackson-datatype-jsr310-2.9.6.jar;D:\Program Files\apache-maven-3.5.0\repository\com\fasterxml\jackson\module\jackson-module-parameter-names\2.9.6\jackson-module-parameter-names-2.9.6.jar;D:\Program Files\apache-maven-3.5.0\repository\org\springframework\boot\spring-boot-starter-tomcat\2.0.4.RELEASE\spring-boot-starter-tomcat-2.0.4.RELEASE.jar;D:\Program Files\apache-maven-3.5.0\repository\org\apache\tomcat\embed\tomcat-embed-websocket\8.5.32\tomcat-embed-websocket-8.5.32.jar;D:\Program Files\apache-maven-3.5.0\repository\org\hibernate\validator\hibernate-validator\6.0.11.Final\hibernate-validator-6.0.11.Final.jar;D:\Program Files\apache-maven-3.5.0\repository\javax\validation\validation-api\2.0.1.Final\validation-api-2.0.1.Final.jar;D:\Program Files\apache-maven-3.5.0\repository\org\springframework\spring-web\5.0.8.RELEASE\spring-web-5.0.8.RELEASE.jar;D:\Program Files\apache-maven-3.5.0\repository\org\springframework\spring-webmvc\5.0.8.RELEASE\spring-webmvc-5.0.8.RELEASE.jar;D:\Program Files\apache-maven-3.5.0\repository\org\springframework\boot\spring-boot-devtools\2.0.4.RELEASE\spring-boot-devtools-2.0.4.RELEASE.jar;D:\Program Files\apache-maven-3.5.0\repository\org\springframework\boot\spring-boot\2.0.4.RELEASE\spring-boot-2.0.4.RELEASE.jar;D:\Program Files\apache-maven-3.5.0\repository\org\springframework\boot\spring-boot-autoconfigure\2.0.4.RELEASE\spring-boot-autoconfigure-2.0.4.RELEASE.jar;D:\Program Files\apache-maven-3.5.0\repository\mysql\mysql-connector-java\5.1.46\mysql-connector-java-5.1.46.jar;D:\Program Files\apache-maven-3.5.0\repository\org\springframework\boot\spring-boot-starter-test\2.0.4.RELEASE\spring-boot-starter-test-2.0.4.RELEASE.jar;D:\Program Files\apache-maven-3.5.0\repository\org\springframework\boot\spring-boot-test\2.0.4.RELEASE\spring-boot-test-2.0.4.RELEASE.jar;D:\Program Files\apache-maven-3.5.0\repository\org\springframework\boot\spring-boot-test-autoconfigure\2.0.4.RELEASE\spring-boot-test-autoconfigure-2.0.4.RELEASE.jar;D:\Program Files\apache-maven-3.5.0\repository\com\jayway\jsonpath\json-path\2.4.0\json-path-2.4.0.jar;D:\Program Files\apache-maven-3.5.0\repository\net\minidev\json-smart\2.3\json-smart-2.3.jar;D:\Program Files\apache-maven-3.5.0\repository\net\minidev\accessors-smart\1.2\accessors-smart-1.2.jar;D:\Program Files\apache-maven-3.5.0\repository\org\ow2\asm\asm\5.0.4\asm-5.0.4.jar;D:\Program Files\apache-maven-3.5.0\repository\junit\junit\4.12\junit-4.12.jar;D:\Program Files\apache-maven-3.5.0\repository\org\assertj\assertj-core\3.9.1\assertj-core-3.9.1.jar;D:\Program Files\apache-maven-3.5.0\repository\org\mockito\mockito-core\2.15.0\mockito-core-2.15.0.jar;D:\Program Files\apache-maven-3.5.0\repository\net\bytebuddy\byte-buddy\1.7.11\byte-buddy-1.7.11.jar;D:\Program Files\apache-maven-3.5.0\repository\net\bytebuddy\byte-buddy-agent\1.7.11\byte-buddy-agent-1.7.11.jar;D:\Program Files\apache-maven-3.5.0\repository\org\objenesis\objenesis\2.6\objenesis-2.6.jar;D:\Program Files\apache-maven-3.5.0\repository\org\hamcrest\hamcrest-core\1.3\hamcrest-core-1.3.jar;D:\Program Files\apache-maven-3.5.0\repository\org\hamcrest\hamcrest-library\1.3\hamcrest-library-1.3.jar;D:\Program Files\apache-maven-3.5.0\repository\org\skyscreamer\jsonassert\1.5.0\jsonassert-1.5.0.jar;D:\Program Files\apache-maven-3.5.0\repository\com\vaadin\external\google\android-json\0.0.20131108.vaadin1\android-json-0.0.20131108.vaadin1.jar;D:\Program Files\apache-maven-3.5.0\repository\org\springframework\spring-core\5.0.8.RELEASE\spring-core-5.0.8.RELEASE.jar;D:\Program Files\apache-maven-3.5.0\repository\org\springframework\spring-jcl\5.0.8.RELEASE\spring-jcl-5.0.8.RELEASE.jar;D:\Program Files\apache-maven-3.5.0\repository\org\springframework\spring-test\5.0.8.RELEASE\spring-test-5.0.8.RELEASE.jar;D:\Program Files\apache-maven-3.5.0\repository\org\xmlunit\xmlunit-core\2.5.1\xmlunit-core-2.5.1.jar;D:\Program Files\apache-maven-3.5.0\repository\org\apache\poi\poi-ooxml\3.8\poi-ooxml-3.8.jar;D:\Program Files\apache-maven-3.5.0\repository\org\apache\poi\poi-ooxml-schemas\3.8\poi-ooxml-schemas-3.8.jar;D:\Program Files\apache-maven-3.5.0\repository\org\apache\xmlbeans\xmlbeans\2.3.0\xmlbeans-2.3.0.jar;D:\Program Files\apache-maven-3.5.0\repository\stax\stax-api\1.0.1\stax-api-1.0.1.jar;D:\Program Files\apache-maven-3.5.0\repository\dom4j\dom4j\1.6.1\dom4j-1.6.1.jar;D:\Program Files\apache-maven-3.5.0\repository\xml-apis\xml-apis\1.4.01\xml-apis-1.4.01.jar;D:\Program Files\apache-maven-3.5.0\repository\org\apache\poi\poi\3.8\poi-3.8.jar;D:\Program Files\apache-maven-3.5.0\repository\commons-codec\commons-codec\1.11\commons-codec-1.11.jar;D:\Program Files\apache-maven-3.5.0\repository\org\apache\tomcat\embed\tomcat-embed-jasper\8.5.32\tomcat-embed-jasper-8.5.32.jar;D:\Program Files\apache-maven-3.5.0\repository\org\apache\tomcat\embed\tomcat-embed-core\8.5.32\tomcat-embed-core-8.5.32.jar;D:\Program Files\apache-maven-3.5.0\repository\org\apache\tomcat\tomcat-annotations-api\8.5.32\tomcat-annotations-api-8.5.32.jar;D:\Program Files\apache-maven-3.5.0\repository\org\apache\tomcat\embed\tomcat-embed-el\8.5.32\tomcat-embed-el-8.5.32.jar;D:\Program Files\apache-maven-3.5.0\repository\org\eclipse\jdt\ecj\3.12.3\ecj-3.12.3.jar;D:\Program Files\apache-maven-3.5.0\repository\javax\servlet\jstl\1.2\jstl-1.2.jar;, user.name=aoomiao, java.vm.specification.version=1.8, sun.java.command=C:\Users\aoomiao\AppData\Local\Temp\surefire2524997583276524019\surefirebooter2339722128794522844.jar C:\Users\aoomiao\AppData\Local\Temp\surefire2524997583276524019 2018-08-20T14-35-03_280-jvmRun1 surefire6365088538490111358tmp surefire_08532624149985961217tmp, java.home=C:\Program Files\Java\jdk1.8.0_144\jre, sun.arch.data.model=64, user.language=zh, java.specification.vendor=Oracle Corporation, awt.toolkit=sun.awt.windows.WToolkit, java.vm.info=mixed mode, java.version=1.8.0_144, java.ext.dirs=C:\Program Files\Java\jdk1.8.0_144\jre\lib\ext;C:\Windows\Sun\Java\lib\ext, sun.boot.class.path=C:\Program Files\Java\jdk1.8.0_144\jre\lib\resources.jar;C:\Program Files\Java\jdk1.8.0_144\jre\lib\rt.jar;C:\Program Files\Java\jdk1.8.0_144\jre\lib\sunrsasign.jar;C:\Program Files\Java\jdk1.8.0_144\jre\lib\jsse.jar;C:\Program Files\Java\jdk1.8.0_144\jre\lib\jce.jar;C:\Program Files\Java\jdk1.8.0_144\jre\lib\charsets.jar;C:\Program Files\Java\jdk1.8.0_144\jre\lib\jfr.jar;C:\Program Files\Java\jdk1.8.0_144\jre\classes, java.vendor=Oracle Corporation, localRepository=D:\Program Files\apache-maven-3.5.0\repository, file.separator=\, java.vendor.url.bug=http://bugreport.sun.com/bugreport/, sun.io.unicode.encoding=UnicodeLittle, sun.cpu.endian=little, sun.desktop=windows, sun.cpu.isalist=amd64}}, SystemEnvironmentPropertySource@1995619265 {name='systemEnvironment', properties={PATH=C:/Program Files/Java/jdk1.8.0_144/bin/../jre/bin/server;C:/Program Files/Java/jdk1.8.0_144/bin/../jre/bin;C:/Program Files/Java/jdk1.8.0_144/bin/../jre/lib/amd64;D:\oracle\product\11.2.0\dbhome_1\bin;C:\Windows\system32;C:\Windows;C:\Windows\System32\Wbem;C:\Windows\System32\WindowsPowerShell\v1.0\;C:\Program Files\Java\jdk1.8.0_144\bin;C:\Program Files\Java\jdk1.8.0_144\jre\bin;D:\Program Files\apache-maven-3.5.0\bin;C:\Program Files\MySQL\MySQL Utilities 1.6\;D:\Program Files\apache-tomcat-8.0.48\bin;D:\Program Files\PuTTY\;D:\Program Files (x86)\OpenSSH\bin;C:\Program Files\TortoiseSVN\bin;D:\Program Files\Git\cmd;C:\Program Files (x86)\HP\IdrsOCR_15.2.10.1114\;C:\Users\aoomiao\AppData\Local\Microsoft\WindowsApps;C:\Program Files\Java\jdk1.8.0_144\bin;;E:\sts-3.9.5.RELEASE;, USERDOMAIN_ROAMINGPROFILE=DESKTOP-FT5640J, LOCALAPPDATA=C:\Users\aoomiao\AppData\Local, PROCESSOR_LEVEL=6, SYSTEMDRIVE=C:, COMMONPROGRAMFILES(X86)=C:\Program Files (x86)\Common Files, USERDOMAIN=DESKTOP-FT5640J, FPS_BROWSER_APP_PROFILE_STRING=Internet Explorer, LOGONSERVER=\\DESKTOP-FT5640J, JAVA_HOME=C:\Program Files\Java\jdk1.8.0_144, PROMPT=$P$G, SESSIONNAME=Console, ALLUSERSPROFILE=C:\ProgramData, PROGRAMFILES(X86)=C:\Program Files (x86), PROCESSOR_ARCHITECTURE=AMD64, MAVEN_HOME=D:\Program Files\apache-maven-3.5.0, PROGRAMFILES=C:\Program Files, =C:=C:\, APPDATA=C:\Users\aoomiao\AppData\Roaming, PSMODULEPATH=C:\Program Files\WindowsPowerShell\Modules;C:\Windows\system32\WindowsPowerShell\v1.0\Modules;C:\Program Files\Intel\Wired Networking\, CYGWIN=tty, PROGRAMW6432=C:\Program Files, PROGRAMDATA=C:\ProgramData, SYSTEMROOT=C:\Windows, USERNAME=aoomiao, FPS_BROWSER_USER_PROFILE_STRING=Default, ONEDRIVE=C:\Users\aoomiao\OneDrive, PATHEXT=.COM;.EXE;.BAT;.CMD;.VBS;.VBE;.JS;.JSE;.WSF;.WSH;.MSC, OS=Windows_NT, COMMONPROGRAMW6432=C:\Program Files\Common Files, COMPUTERNAME=DESKTOP-FT5640J, COMMONPROGRAMFILES=C:\Program Files\Common Files, COMSPEC=C:\Windows\system32\cmd.exe, CATALINA_HOME=D:\Program Files\apache-tomcat-8.0.48, PROCESSOR_REVISION=9e0b, CLASSPATH=,C:\Program Files\Java\jdk1.8.0_144\lib\dt.jar;C:\Program Files\Java\jdk1.8.0_144\lib\tool.jar;, WINDIR=C:\Windows, =F:=F:\workspace\git\ExcelPoi, =D:=D:\, HOMEPATH=\Users\aoomiao, TEMP=C:\Users\aoomiao\AppData\Local\Temp, HOMEDRIVE=C:, PROCESSOR_IDENTIFIER=Intel64 Family 6 Model 158 Stepping 11, GenuineIntel, USERPROFILE=C:\Users\aoomiao, TMP=C:\Users\aoomiao\AppData\Local\Temp, PUBLIC=C:\Users\Public, NUMBER_OF_PROCESSORS=4, =::=::\}}]
14:35:04.398 [main] DEBUG org.springframework.test.context.support.TestPropertySourceUtils - Adding inlined properties to environment: {spring.jmx.enabled=false, org.springframework.boot.test.context.SpringBootTestContextBootstrapper=true, server.port=-1}
14:35:04.399 [main] DEBUG org.springframework.core.env.StandardEnvironment - Adding PropertySource 'Inlined Test Properties' with highest search precedence

  .   ____          _            __ _ _
 /\\ / ___'_ __ _ _(_)_ __  __ _ \ \ \ \
( ( )\___ | '_ | '_| | '_ \/ _` | \ \ \ \
 \\/  ___)| |_)| | | | | || (_| |  ) ) ) )
  '  |____| .__|_| |_|_| |_\__, | / / / /
 =========|_|==============|___/=/_/_/_/
 :: Spring Boot ::        (v2.0.4.RELEASE)

2018-08-20 14:35:04.690  INFO 10280 --- [           main] com.excel.test.ExcelPoiApplicationTests  : Starting ExcelPoiApplicationTests on DESKTOP-FT5640J with PID 10280 (started by aoomiao in F:\workspace\git\ExcelPoi)
2018-08-20 14:35:04.691  INFO 10280 --- [           main] com.excel.test.ExcelPoiApplicationTests  : No active profile set, falling back to default profiles: default
2018-08-20 14:35:04.729  INFO 10280 --- [           main] o.s.w.c.s.GenericWebApplicationContext   : Refreshing org.springframework.web.context.support.GenericWebApplicationContext@2a8448fa: startup date [Mon Aug 20 14:35:04 CST 2018]; root of context hierarchy
2018-08-20 14:35:05.414  INFO 10280 --- [           main] .s.d.r.c.RepositoryConfigurationDelegate : Multiple Spring Data modules found, entering strict repository configuration mode!
redisTemplate:null
2018-08-20 14:35:06.230  WARN 10280 --- [           main] o.s.w.c.s.GenericWebApplicationContext   : Exception encountered during context initialization - cancelling refresh attempt: org.springframework.beans.factory.UnsatisfiedDependencyException: Error creating bean with name 'redisUtil': Unsatisfied dependency expressed through field 'redisTemplate'; nested exception is org.springframework.beans.factory.NoSuchBeanDefinitionException: No qualifying bean of type 'org.springframework.data.redis.core.RedisTemplate<java.lang.String, java.lang.Object>' available: expected at least 1 bean which qualifies as autowire candidate. Dependency annotations: {@org.springframework.beans.factory.annotation.Autowired(required=true)}
2018-08-20 14:35:06.246  INFO 10280 --- [           main] ConditionEvaluationReportLoggingListener : 

Error starting ApplicationContext. To display the conditions report re-run your application with 'debug' enabled.
2018-08-20 14:35:06.353 ERROR 10280 --- [           main] o.s.b.d.LoggingFailureAnalysisReporter   : 

***************************
APPLICATION FAILED TO START
***************************

Description:

Field redisTemplate in com.excel.test.util.RedisUtil required a bean of type 'org.springframework.data.redis.core.RedisTemplate' that could not be found.


Action:

Consider defining a bean of type 'org.springframework.data.redis.core.RedisTemplate' in your configuration.

2018-08-20 14:35:06.363 ERROR 10280 --- [           main] o.s.test.context.TestContextManager      : Caught exception while allowing TestExecutionListener [org.springframework.test.context.web.ServletTestExecutionListener@17f7cd29] to prepare test instance [com.excel.test.ExcelPoiApplicationTests@1abfe081]

java.lang.IllegalStateException: Failed to load ApplicationContext
	at org.springframework.test.context.cache.DefaultCacheAwareContextLoaderDelegate.loadContext(DefaultCacheAwareContextLoaderDelegate.java:125) ~[spring-test-5.0.8.RELEASE.jar:5.0.8.RELEASE]
	at org.springframework.test.context.support.DefaultTestContext.getApplicationContext(DefaultTestContext.java:108) ~[spring-test-5.0.8.RELEASE.jar:5.0.8.RELEASE]
	at org.springframework.test.context.web.ServletTestExecutionListener.setUpRequestContextIfNecessary(ServletTestExecutionListener.java:190) ~[spring-test-5.0.8.RELEASE.jar:5.0.8.RELEASE]
	at org.springframework.test.context.web.ServletTestExecutionListener.prepareTestInstance(ServletTestExecutionListener.java:132) ~[spring-test-5.0.8.RELEASE.jar:5.0.8.RELEASE]
	at org.springframework.test.context.TestContextManager.prepareTestInstance(TestContextManager.java:246) ~[spring-test-5.0.8.RELEASE.jar:5.0.8.RELEASE]
	at org.springframework.test.context.junit4.SpringJUnit4ClassRunner.createTest(SpringJUnit4ClassRunner.java:227) [spring-test-5.0.8.RELEASE.jar:5.0.8.RELEASE]
	at org.springframework.test.context.junit4.SpringJUnit4ClassRunner$1.runReflectiveCall(SpringJUnit4ClassRunner.java:289) [spring-test-5.0.8.RELEASE.jar:5.0.8.RELEASE]
	at org.junit.internal.runners.model.ReflectiveCallable.run(ReflectiveCallable.java:12) [junit-4.12.jar:4.12]
	at org.springframework.test.context.junit4.SpringJUnit4ClassRunner.methodBlock(SpringJUnit4ClassRunner.java:291) [spring-test-5.0.8.RELEASE.jar:5.0.8.RELEASE]
	at org.springframework.test.context.junit4.SpringJUnit4ClassRunner.runChild(SpringJUnit4ClassRunner.java:246) [spring-test-5.0.8.RELEASE.jar:5.0.8.RELEASE]
	at org.springframework.test.context.junit4.SpringJUnit4ClassRunner.runChild(SpringJUnit4ClassRunner.java:97) [spring-test-5.0.8.RELEASE.jar:5.0.8.RELEASE]
	at org.junit.runners.ParentRunner$3.run(ParentRunner.java:290) [junit-4.12.jar:4.12]
	at org.junit.runners.ParentRunner$1.schedule(ParentRunner.java:71) [junit-4.12.jar:4.12]
	at org.junit.runners.ParentRunner.runChildren(ParentRunner.java:288) [junit-4.12.jar:4.12]
	at org.junit.runners.ParentRunner.access$000(ParentRunner.java:58) [junit-4.12.jar:4.12]
	at org.junit.runners.ParentRunner$2.evaluate(ParentRunner.java:268) [junit-4.12.jar:4.12]
	at org.springframework.test.context.junit4.statements.RunBeforeTestClassCallbacks.evaluate(RunBeforeTestClassCallbacks.java:61) [spring-test-5.0.8.RELEASE.jar:5.0.8.RELEASE]
	at org.springframework.test.context.junit4.statements.RunAfterTestClassCallbacks.evaluate(RunAfterTestClassCallbacks.java:70) [spring-test-5.0.8.RELEASE.jar:5.0.8.RELEASE]
	at org.junit.runners.ParentRunner.run(ParentRunner.java:363) [junit-4.12.jar:4.12]
	at org.springframework.test.context.junit4.SpringJUnit4ClassRunner.run(SpringJUnit4ClassRunner.java:190) [spring-test-5.0.8.RELEASE.jar:5.0.8.RELEASE]
	at org.apache.maven.surefire.junit4.JUnit4Provider.execute(JUnit4Provider.java:365) [surefire-junit4-2.21.0.jar:2.21.0]
	at org.apache.maven.surefire.junit4.JUnit4Provider.executeWithRerun(JUnit4Provider.java:273) [surefire-junit4-2.21.0.jar:2.21.0]
	at org.apache.maven.surefire.junit4.JUnit4Provider.executeTestSet(JUnit4Provider.java:238) [surefire-junit4-2.21.0.jar:2.21.0]
	at org.apache.maven.surefire.junit4.JUnit4Provider.invoke(JUnit4Provider.java:159) [surefire-junit4-2.21.0.jar:2.21.0]
	at org.apache.maven.surefire.booter.ForkedBooter.invokeProviderInSameClassLoader(ForkedBooter.java:379) [surefire-booter-2.21.0.jar:2.21.0]
	at org.apache.maven.surefire.booter.ForkedBooter.runSuitesInProcess(ForkedBooter.java:340) [surefire-booter-2.21.0.jar:2.21.0]
	at org.apache.maven.surefire.booter.ForkedBooter.execute(ForkedBooter.java:125) [surefire-booter-2.21.0.jar:2.21.0]
	at org.apache.maven.surefire.booter.ForkedBooter.main(ForkedBooter.java:413) [surefire-booter-2.21.0.jar:2.21.0]
Caused by: org.springframework.beans.factory.UnsatisfiedDependencyException: Error creating bean with name 'redisUtil': Unsatisfied dependency expressed through field 'redisTemplate'; nested exception is org.springframework.beans.factory.NoSuchBeanDefinitionException: No qualifying bean of type 'org.springframework.data.redis.core.RedisTemplate<java.lang.String, java.lang.Object>' available: expected at least 1 bean which qualifies as autowire candidate. Dependency annotations: {@org.springframework.beans.factory.annotation.Autowired(required=true)}
	at org.springframework.beans.factory.annotation.AutowiredAnnotationBeanPostProcessor$AutowiredFieldElement.inject(AutowiredAnnotationBeanPostProcessor.java:586) ~[spring-beans-5.0.8.RELEASE.jar:5.0.8.RELEASE]
	at org.springframework.beans.factory.annotation.InjectionMetadata.inject(InjectionMetadata.java:91) ~[spring-beans-5.0.8.RELEASE.jar:5.0.8.RELEASE]
	at org.springframework.beans.factory.annotation.AutowiredAnnotationBeanPostProcessor.postProcessPropertyValues(AutowiredAnnotationBeanPostProcessor.java:372) ~[spring-beans-5.0.8.RELEASE.jar:5.0.8.RELEASE]
	at org.springframework.beans.factory.support.AbstractAutowireCapableBeanFactory.populateBean(AbstractAutowireCapableBeanFactory.java:1341) ~[spring-beans-5.0.8.RELEASE.jar:5.0.8.RELEASE]
	at org.springframework.beans.factory.support.AbstractAutowireCapableBeanFactory.doCreateBean(AbstractAutowireCapableBeanFactory.java:572) ~[spring-beans-5.0.8.RELEASE.jar:5.0.8.RELEASE]
	at org.springframework.beans.factory.support.AbstractAutowireCapableBeanFactory.createBean(AbstractAutowireCapableBeanFactory.java:495) ~[spring-beans-5.0.8.RELEASE.jar:5.0.8.RELEASE]
	at org.springframework.beans.factory.support.AbstractBeanFactory.lambda$doGetBean$0(AbstractBeanFactory.java:317) ~[spring-beans-5.0.8.RELEASE.jar:5.0.8.RELEASE]
	at org.springframework.beans.factory.support.DefaultSingletonBeanRegistry.getSingleton(DefaultSingletonBeanRegistry.java:222) ~[spring-beans-5.0.8.RELEASE.jar:5.0.8.RELEASE]
	at org.springframework.beans.factory.support.AbstractBeanFactory.doGetBean(AbstractBeanFactory.java:315) ~[spring-beans-5.0.8.RELEASE.jar:5.0.8.RELEASE]
	at org.springframework.beans.factory.support.AbstractBeanFactory.getBean(AbstractBeanFactory.java:199) ~[spring-beans-5.0.8.RELEASE.jar:5.0.8.RELEASE]
	at org.springframework.beans.factory.support.DefaultListableBeanFactory.preInstantiateSingletons(DefaultListableBeanFactory.java:759) ~[spring-beans-5.0.8.RELEASE.jar:5.0.8.RELEASE]
	at org.springframework.context.support.AbstractApplicationContext.finishBeanFactoryInitialization(AbstractApplicationContext.java:869) ~[spring-context-5.0.8.RELEASE.jar:5.0.8.RELEASE]
	at org.springframework.context.support.AbstractApplicationContext.refresh(AbstractApplicationContext.java:550) ~[spring-context-5.0.8.RELEASE.jar:5.0.8.RELEASE]
	at org.springframework.boot.SpringApplication.refresh(SpringApplication.java:762) ~[spring-boot-2.0.4.RELEASE.jar:2.0.4.RELEASE]
	at org.springframework.boot.SpringApplication.refreshContext(SpringApplication.java:398) ~[spring-boot-2.0.4.RELEASE.jar:2.0.4.RELEASE]
	at org.springframework.boot.SpringApplication.run(SpringApplication.java:330) ~[spring-boot-2.0.4.RELEASE.jar:2.0.4.RELEASE]
	at org.springframework.boot.test.context.SpringBootContextLoader.loadContext(SpringBootContextLoader.java:139) ~[spring-boot-test-2.0.4.RELEASE.jar:2.0.4.RELEASE]
	at org.springframework.test.context.cache.DefaultCacheAwareContextLoaderDelegate.loadContextInternal(DefaultCacheAwareContextLoaderDelegate.java:99) ~[spring-test-5.0.8.RELEASE.jar:5.0.8.RELEASE]
	at org.springframework.test.context.cache.DefaultCacheAwareContextLoaderDelegate.loadContext(DefaultCacheAwareContextLoaderDelegate.java:117) ~[spring-test-5.0.8.RELEASE.jar:5.0.8.RELEASE]
	... 27 common frames omitted
Caused by: org.springframework.beans.factory.NoSuchBeanDefinitionException: No qualifying bean of type 'org.springframework.data.redis.core.RedisTemplate<java.lang.String, java.lang.Object>' available: expected at least 1 bean which qualifies as autowire candidate. Dependency annotations: {@org.springframework.beans.factory.annotation.Autowired(required=true)}
	at org.springframework.beans.factory.support.DefaultListableBeanFactory.raiseNoMatchingBeanFound(DefaultListableBeanFactory.java:1506) ~[spring-beans-5.0.8.RELEASE.jar:5.0.8.RELEASE]
	at org.springframework.beans.factory.support.DefaultListableBeanFactory.doResolveDependency(DefaultListableBeanFactory.java:1101) ~[spring-beans-5.0.8.RELEASE.jar:5.0.8.RELEASE]
	at org.springframework.beans.factory.support.DefaultListableBeanFactory.resolveDependency(DefaultListableBeanFactory.java:1062) ~[spring-beans-5.0.8.RELEASE.jar:5.0.8.RELEASE]
	at org.springframework.beans.factory.annotation.AutowiredAnnotationBeanPostProcessor$AutowiredFieldElement.inject(AutowiredAnnotationBeanPostProcessor.java:583) ~[spring-beans-5.0.8.RELEASE.jar:5.0.8.RELEASE]
	... 45 common frames omitted

]]></system-out>
  </testcase>
</testsuite>